10:30:11,845 (main) DEBUG [DataNucleus.General] - Using PluginRegistry org.datanucleus.plugin.NonManagedPluginRegistry
10:30:11,894 (main) DEBUG [DataNucleus.General] - Registering bundle org.sonatype.inject version 2.3.0 at URL file:/C:/Users/Asus/.m2/repository/org/sonatype/sisu/sisu-inject-bean/2.3.0/sisu-inject-bean-2.3.0.jar.
10:30:11,933 (main) DEBUG [DataNucleus.General] - Leyendo extension-points y extensiones del archivo de plug-in jar:file:/C:/Users/Asus/.m2/repository/org/sonatype/sisu/sisu-inject-bean/2.3.0/sisu-inject-bean-2.3.0.jar!/plugin.xml.
10:30:11,937 (main) DEBUG [DataNucleus.General] - Registering bundle org.datanucleus version 5.2.8 at URL file:/C:/Users/Asus/.m2/repository/org/datanucleus/datanucleus-core/5.2.8/datanucleus-core-5.2.8.jar.
10:30:11,947 (main) DEBUG [DataNucleus.General] - Leyendo extension-points y extensiones del archivo de plug-in jar:file:/C:/Users/Asus/.m2/repository/org/datanucleus/datanucleus-core/5.2.8/datanucleus-core-5.2.8.jar!/plugin.xml.
10:30:11,960 (main) DEBUG [DataNucleus.General] - Registering bundle org.datanucleus.api.jdo version 5.2.7 at URL file:/C:/Users/Asus/.m2/repository/org/datanucleus/datanucleus-api-jdo/5.2.7/datanucleus-api-jdo-5.2.7.jar.
10:30:11,971 (main) DEBUG [DataNucleus.General] - Leyendo extension-points y extensiones del archivo de plug-in jar:file:/C:/Users/Asus/.m2/repository/org/datanucleus/datanucleus-api-jdo/5.2.7/datanucleus-api-jdo-5.2.7.jar!/plugin.xml.
10:30:11,976 (main) DEBUG [DataNucleus.General] - Registering bundle org.datanucleus.store.mongodb version 5.2.1 at URL file:/C:/Users/Asus/.m2/repository/org/datanucleus/datanucleus-mongodb/5.2.1/datanucleus-mongodb-5.2.1.jar.
10:30:11,977 (main) DEBUG [DataNucleus.General] - Leyendo extension-points y extensiones del archivo de plug-in jar:file:/C:/Users/Asus/.m2/repository/org/datanucleus/datanucleus-mongodb/5.2.1/datanucleus-mongodb-5.2.1.jar!/plugin.xml.
10:30:12,005 (main) DEBUG [DataNucleus.Persistence] - Tipos de Java inicializando ...
10:30:12,056 (main) DEBUG [DataNucleus.Persistence] - Soporte para tipos de Java listo : tipos soportados = [B, [C, [D, [F, [I, [J, [Ljava.lang.Boolean;, [Ljava.lang.Byte;, [Ljava.lang.Character;, [Ljava.lang.Double;, [Ljava.lang.Enum;, [Ljava.lang.Float;, [Ljava.lang.Integer;, [Ljava.lang.Long;, [Ljava.lang.Number;, [Ljava.lang.Object;, [Ljava.lang.Short;, [Ljava.lang.String;, [Ljava.math.BigDecimal;, [Ljava.math.BigInteger;, [Ljava.util.Date;, [Ljava.util.Locale;, [S, [Z, boolean, byte, char, double, float, int, java.awt.Color, java.awt.image.BufferedImage, java.lang.Boolean, java.lang.Byte, java.lang.Character, java.lang.Class, java.lang.Double, java.lang.Enum, java.lang.Float, java.lang.Integer, java.lang.Long, java.lang.Number, java.lang.Short, java.lang.String, java.lang.StringBuffer, java.lang.StringBuilder, java.math.BigDecimal, java.math.BigInteger, java.net.URI, java.net.URL, java.sql.Date, java.sql.Time, java.sql.Timestamp, java.time.Duration, java.time.Instant, java.time.LocalDate, java.time.LocalDateTime, java.time.LocalTime, java.time.MonthDay, java.time.OffsetDateTime, java.time.OffsetTime, java.time.Period, java.time.Year, java.time.YearMonth, java.time.ZonedDateTime, java.time.ZoneId, java.time.ZoneOffset, java.util.ArrayList, java.util.Arrays$ArrayList, java.util.BitSet, java.util.Calendar, java.util.Collection, java.util.Currency, java.util.Date, java.util.GregorianCalendar, java.util.HashMap, java.util.HashSet, java.util.Hashtable, java.util.LinkedHashMap, java.util.LinkedHashSet, java.util.LinkedList, java.util.List, java.util.Locale, java.util.Map, java.util.Optional, java.util.PriorityQueue, java.util.Properties, java.util.Queue, java.util.Set, java.util.SortedMap, java.util.SortedSet, java.util.Stack, java.util.TimeZone, java.util.TreeMap, java.util.TreeSet, java.util.UUID, java.util.Vector, long, short
10:30:12,057 (main) DEBUG [DataNucleus.Persistence] - Inicializando TypeConverters ...
10:30:12,093 (main) DEBUG [DataNucleus.Persistence] - TypeConverters listo
10:30:12,094 (main) DEBUG [DataNucleus.Persistence] - TypeConverter(s) available for byte[] to : java.nio.ByteBuffer
10:30:12,094 (main) DEBUG [DataNucleus.Persistence] - TypeConverter(s) available for char[] to : java.nio.ByteBuffer
10:30:12,094 (main) DEBUG [DataNucleus.Persistence] - TypeConverter(s) available for double[] to : java.nio.ByteBuffer
10:30:12,094 (main) DEBUG [DataNucleus.Persistence] - TypeConverter(s) available for float[] to : java.nio.ByteBuffer
10:30:12,094 (main) DEBUG [DataNucleus.Persistence] - TypeConverter(s) available for int[] to : java.nio.ByteBuffer
10:30:12,094 (main) DEBUG [DataNucleus.Persistence] - TypeConverter(s) available for long[] to : java.nio.ByteBuffer
10:30:12,094 (main) DEBUG [DataNucleus.Persistence] - TypeConverter(s) available for [Ljava.math.BigDecimal; to : java.nio.ByteBuffer
10:30:12,095 (main) DEBUG [DataNucleus.Persistence] - TypeConverter(s) available for [Ljava.math.BigInteger; to : java.nio.ByteBuffer
10:30:12,095 (main) DEBUG [DataNucleus.Persistence] - TypeConverter(s) available for short[] to : java.nio.ByteBuffer
10:30:12,095 (main) DEBUG [DataNucleus.Persistence] - TypeConverter(s) available for boolean[] to : java.nio.ByteBuffer
10:30:12,095 (main) DEBUG [DataNucleus.Persistence] - TypeConverter(s) available for java.awt.Color to : java.lang.String,int[]
10:30:12,095 (main) DEBUG [DataNucleus.Persistence] - TypeConverter(s) available for java.awt.image.BufferedImage to : java.nio.ByteBuffer,byte[]
10:30:12,095 (main) DEBUG [DataNucleus.Persistence] - TypeConverter(s) available for java.io.Serializable to : java.lang.String,java.nio.ByteBuffer,byte[]
10:30:12,095 (main) DEBUG [DataNucleus.Persistence] - TypeConverter(s) available for java.lang.Boolean to : java.lang.Character,java.lang.Integer
10:30:12,095 (main) DEBUG [DataNucleus.Persistence] - TypeConverter(s) available for java.lang.Character to : java.lang.String
10:30:12,095 (main) DEBUG [DataNucleus.Persistence] - TypeConverter(s) available for java.lang.Class to : java.lang.String
10:30:12,095 (main) DEBUG [DataNucleus.Persistence] - TypeConverter(s) available for java.lang.Integer to : java.lang.String
10:30:12,095 (main) DEBUG [DataNucleus.Persistence] - TypeConverter(s) available for java.lang.Long to : java.lang.String
10:30:12,095 (main) DEBUG [DataNucleus.Persistence] - TypeConverter(s) available for java.lang.StringBuffer to : java.lang.String
10:30:12,095 (main) DEBUG [DataNucleus.Persistence] - TypeConverter(s) available for java.lang.StringBuilder to : java.lang.String
10:30:12,095 (main) DEBUG [DataNucleus.Persistence] - TypeConverter(s) available for java.math.BigDecimal to : java.lang.Double,java.lang.String
10:30:12,095 (main) DEBUG [DataNucleus.Persistence] - TypeConverter(s) available for java.math.BigInteger to : java.lang.String,java.lang.Long
10:30:12,095 (main) DEBUG [DataNucleus.Persistence] - TypeConverter(s) available for java.net.URI to : java.lang.String
10:30:12,096 (main) DEBUG [DataNucleus.Persistence] - TypeConverter(s) available for java.net.URL to : java.lang.String
10:30:12,096 (main) DEBUG [DataNucleus.Persistence] - TypeConverter(s) available for java.sql.Date to : java.util.Date,java.lang.String,java.lang.Long
10:30:12,096 (main) DEBUG [DataNucleus.Persistence] - TypeConverter(s) available for java.sql.Time to : java.util.Date,java.lang.String,java.lang.Long
10:30:12,096 (main) DEBUG [DataNucleus.Persistence] - TypeConverter(s) available for java.sql.Timestamp to : java.util.Date,java.lang.String,java.lang.Long
10:30:12,096 (main) DEBUG [DataNucleus.Persistence] - TypeConverter(s) available for java.time.Duration to : java.lang.Double,java.lang.String,java.lang.Long
10:30:12,096 (main) DEBUG [DataNucleus.Persistence] - TypeConverter(s) available for java.time.Instant to : java.util.Date,java.lang.String,java.sql.Timestamp,java.lang.Long
10:30:12,096 (main) DEBUG [DataNucleus.Persistence] - TypeConverter(s) available for java.time.LocalDate to : java.util.Date,java.lang.String,java.sql.Date
10:30:12,096 (main) DEBUG [DataNucleus.Persistence] - TypeConverter(s) available for java.time.LocalDateTime to : java.util.Date,java.lang.String,java.sql.Timestamp
10:30:12,096 (main) DEBUG [DataNucleus.Persistence] - TypeConverter(s) available for java.time.LocalTime to : java.util.Date,java.lang.String,java.sql.Time,java.lang.Long
10:30:12,096 (main) DEBUG [DataNucleus.Persistence] - TypeConverter(s) available for java.time.MonthDay to : java.util.Date,java.lang.String,int[],java.sql.Date
10:30:12,096 (main) DEBUG [DataNucleus.Persistence] - TypeConverter(s) available for java.time.OffsetDateTime to : java.util.Date,java.lang.String,java.sql.Timestamp
10:30:12,096 (main) DEBUG [DataNucleus.Persistence] - TypeConverter(s) available for java.time.OffsetTime to : java.lang.String,java.sql.Time,java.lang.Long
10:30:12,096 (main) DEBUG [DataNucleus.Persistence] - TypeConverter(s) available for java.time.Period to : java.lang.String,int[]
10:30:12,096 (main) DEBUG [DataNucleus.Persistence] - TypeConverter(s) available for java.time.Year to : java.lang.String,java.lang.Integer
10:30:12,096 (main) DEBUG [DataNucleus.Persistence] - TypeConverter(s) available for java.time.YearMonth to : java.util.Date,java.lang.String,int[],java.sql.Date
10:30:12,096 (main) DEBUG [DataNucleus.Persistence] - TypeConverter(s) available for java.time.ZonedDateTime to : java.lang.String,java.sql.Timestamp
10:30:12,096 (main) DEBUG [DataNucleus.Persistence] - TypeConverter(s) available for java.time.ZoneId to : java.lang.String
10:30:12,097 (main) DEBUG [DataNucleus.Persistence] - TypeConverter(s) available for java.time.ZoneOffset to : java.lang.String
10:30:12,097 (main) DEBUG [DataNucleus.Persistence] - TypeConverter(s) available for java.util.BitSet to : java.lang.String
10:30:12,097 (main) DEBUG [DataNucleus.Persistence] - TypeConverter(s) available for java.util.Calendar to : java.util.Date,java.lang.String,[Ljava.lang.Object;,java.sql.Timestamp
10:30:12,097 (main) DEBUG [DataNucleus.Persistence] - TypeConverter(s) available for java.util.Currency to : java.lang.String
10:30:12,097 (main) DEBUG [DataNucleus.Persistence] - TypeConverter(s) available for java.util.Date to : java.lang.String,java.lang.Long
10:30:12,097 (main) DEBUG [DataNucleus.Persistence] - TypeConverter(s) available for java.util.Locale to : java.lang.String
10:30:12,097 (main) DEBUG [DataNucleus.Persistence] - TypeConverter(s) available for java.util.TimeZone to : java.lang.String
10:30:12,097 (main) DEBUG [DataNucleus.Persistence] - TypeConverter(s) available for java.util.UUID to : java.lang.String
10:30:12,099 (main) DEBUG [DataNucleus.MetaData] - MetaDataManager : Input=(XML,Annotations), XML-Validation=false, XML-Suffices=(persistence=*.jdo, orm=orm, query=*.jdoquery), JDO-listener=false
10:30:12,099 (main) INFO  [DataNucleus.Enhancer] - DataNucleus Enhancer (versión 5.2.8) para el API "JDO" utilisando el JRE "{2}"
10:30:12,099 (main) DEBUG [DataNucleus.Enhancer] - DataNucleus Enhancer : Classpath
10:30:12,099 (main) DEBUG [DataNucleus.Enhancer] - >>  C:\Users\Asus\.m2\repository\org\datanucleus\datanucleus-maven-plugin\5.0.2\datanucleus-maven-plugin-5.0.2.jar
10:30:12,099 (main) DEBUG [DataNucleus.Enhancer] - >>  C:\Users\Asus\.m2\repository\org\codehaus\plexus\plexus-utils\3.0.8\plexus-utils-3.0.8.jar
10:30:12,099 (main) DEBUG [DataNucleus.Enhancer] - >>  C:\Users\Asus\.m2\repository\org\apache\maven\maven-artifact\3.0.4\maven-artifact-3.0.4.jar
10:30:12,100 (main) DEBUG [DataNucleus.Enhancer] - >>  C:\Users\Asus\.m2\repository\org\apache\maven\maven-plugin-api\3.0.4\maven-plugin-api-3.0.4.jar
10:30:12,100 (main) DEBUG [DataNucleus.Enhancer] - >>  C:\Users\Asus\.m2\repository\org\apache\maven\maven-model\3.0.4\maven-model-3.0.4.jar
10:30:12,100 (main) DEBUG [DataNucleus.Enhancer] - >>  C:\Users\Asus\.m2\repository\org\sonatype\sisu\sisu-inject-plexus\2.3.0\sisu-inject-plexus-2.3.0.jar
10:30:12,100 (main) DEBUG [DataNucleus.Enhancer] - >>  C:\Users\Asus\.m2\repository\org\codehaus\plexus\plexus-component-annotations\1.5.5\plexus-component-annotations-1.5.5.jar
10:30:12,100 (main) DEBUG [DataNucleus.Enhancer] - >>  C:\Users\Asus\.m2\repository\org\sonatype\sisu\sisu-inject-bean\2.3.0\sisu-inject-bean-2.3.0.jar
10:30:12,100 (main) DEBUG [DataNucleus.Enhancer] - >>  C:\Users\Asus\.m2\repository\org\sonatype\sisu\sisu-guice\3.1.0\sisu-guice-3.1.0-no_aop.jar
10:30:12,100 (main) DEBUG [DataNucleus.Enhancer] - >>  C:\Users\Asus\.m2\repository\org\sonatype\sisu\sisu-guava\0.9.9\sisu-guava-0.9.9.jar
10:30:12,100 (main) DEBUG [DataNucleus.Enhancer] - >>  C:\Users\Asus\.m2\repository\org\codehaus\plexus\plexus-container-default\1.5.5\plexus-container-default-1.5.5.jar
10:30:12,100 (main) DEBUG [DataNucleus.Enhancer] - >>  C:\Users\Asus\.m2\repository\org\codehaus\plexus\plexus-classworlds\2.2.2\plexus-classworlds-2.2.2.jar
10:30:12,100 (main) DEBUG [DataNucleus.Enhancer] - >>  C:\Users\Asus\.m2\repository\org\apache\xbean\xbean-reflect\3.4\xbean-reflect-3.4.jar
10:30:12,100 (main) DEBUG [DataNucleus.Enhancer] - >>  C:\Users\Asus\.m2\repository\log4j\log4j\1.2.12\log4j-1.2.12.jar
10:30:12,100 (main) DEBUG [DataNucleus.Enhancer] - >>  C:\Users\Asus\.m2\repository\commons-logging\commons-logging-api\1.1\commons-logging-api-1.1.jar
10:30:12,100 (main) DEBUG [DataNucleus.Enhancer] - >>  C:\Users\Asus\.m2\repository\com\google\collections\google-collections\1.0\google-collections-1.0.jar
10:30:12,100 (main) DEBUG [DataNucleus.Enhancer] - >>  C:\Users\Asus\.m2\repository\junit\junit\3.8.2\junit-3.8.2.jar
10:30:12,100 (main) DEBUG [DataNucleus.Enhancer] - >>  C:\Users\Asus\IdeaProjects\BSPQ22-E5\back-end\target\classes
10:30:12,100 (main) DEBUG [DataNucleus.Enhancer] - >>  C:\Users\Asus\.m2\repository\org\glassfish\jersey\containers\jersey-container-grizzly2-http\3.0.4\jersey-container-grizzly2-http-3.0.4.jar
10:30:12,100 (main) DEBUG [DataNucleus.Enhancer] - >>  C:\Users\Asus\.m2\repository\jakarta\inject\jakarta.inject-api\2.0.0\jakarta.inject-api-2.0.0.jar
10:30:12,100 (main) DEBUG [DataNucleus.Enhancer] - >>  C:\Users\Asus\.m2\repository\org\glassfish\grizzly\grizzly-http-server\3.0.0\grizzly-http-server-3.0.0.jar
10:30:12,101 (main) DEBUG [DataNucleus.Enhancer] - >>  C:\Users\Asus\.m2\repository\org\glassfish\grizzly\grizzly-http\3.0.0\grizzly-http-3.0.0.jar
10:30:12,101 (main) DEBUG [DataNucleus.Enhancer] - >>  C:\Users\Asus\.m2\repository\org\glassfish\grizzly\grizzly-framework\3.0.0\grizzly-framework-3.0.0.jar
10:30:12,101 (main) DEBUG [DataNucleus.Enhancer] - >>  C:\Users\Asus\.m2\repository\org\glassfish\jersey\core\jersey-common\3.0.4\jersey-common-3.0.4.jar
10:30:12,101 (main) DEBUG [DataNucleus.Enhancer] - >>  C:\Users\Asus\.m2\repository\jakarta\annotation\jakarta.annotation-api\2.0.0\jakarta.annotation-api-2.0.0.jar
10:30:12,101 (main) DEBUG [DataNucleus.Enhancer] - >>  C:\Users\Asus\.m2\repository\org\glassfish\hk2\osgi-resource-locator\1.0.3\osgi-resource-locator-1.0.3.jar
10:30:12,101 (main) DEBUG [DataNucleus.Enhancer] - >>  C:\Users\Asus\.m2\repository\org\glassfish\jersey\core\jersey-server\3.0.4\jersey-server-3.0.4.jar
10:30:12,101 (main) DEBUG [DataNucleus.Enhancer] - >>  C:\Users\Asus\.m2\repository\org\glassfish\jersey\core\jersey-client\3.0.4\jersey-client-3.0.4.jar
10:30:12,101 (main) DEBUG [DataNucleus.Enhancer] - >>  C:\Users\Asus\.m2\repository\jakarta\validation\jakarta.validation-api\3.0.0\jakarta.validation-api-3.0.0.jar
10:30:12,101 (main) DEBUG [DataNucleus.Enhancer] - >>  C:\Users\Asus\.m2\repository\jakarta\ws\rs\jakarta.ws.rs-api\3.0.0\jakarta.ws.rs-api-3.0.0.jar
10:30:12,101 (main) DEBUG [DataNucleus.Enhancer] - >>  C:\Users\Asus\.m2\repository\org\glassfish\jersey\inject\jersey-hk2\3.0.4\jersey-hk2-3.0.4.jar
10:30:12,101 (main) DEBUG [DataNucleus.Enhancer] - >>  C:\Users\Asus\.m2\repository\org\glassfish\hk2\hk2-locator\3.0.1\hk2-locator-3.0.1.jar
10:30:12,101 (main) DEBUG [DataNucleus.Enhancer] - >>  C:\Users\Asus\.m2\repository\org\glassfish\hk2\external\aopalliance-repackaged\3.0.1\aopalliance-repackaged-3.0.1.jar
10:30:12,101 (main) DEBUG [DataNucleus.Enhancer] - >>  C:\Users\Asus\.m2\repository\org\glassfish\hk2\hk2-api\3.0.1\hk2-api-3.0.1.jar
10:30:12,101 (main) DEBUG [DataNucleus.Enhancer] - >>  C:\Users\Asus\.m2\repository\org\glassfish\hk2\hk2-utils\3.0.1\hk2-utils-3.0.1.jar
10:30:12,101 (main) DEBUG [DataNucleus.Enhancer] - >>  C:\Users\Asus\.m2\repository\org\javassist\javassist\3.25.0-GA\javassist-3.25.0-GA.jar
10:30:12,101 (main) DEBUG [DataNucleus.Enhancer] - >>  C:\Users\Asus\.m2\repository\org\glassfish\jersey\media\jersey-media-json-jackson\3.0.4\jersey-media-json-jackson-3.0.4.jar
10:30:12,101 (main) DEBUG [DataNucleus.Enhancer] - >>  C:\Users\Asus\.m2\repository\org\glassfish\jersey\ext\jersey-entity-filtering\3.0.4\jersey-entity-filtering-3.0.4.jar
10:30:12,101 (main) DEBUG [DataNucleus.Enhancer] - >>  C:\Users\Asus\.m2\repository\com\fasterxml\jackson\core\jackson-annotations\2.13.0\jackson-annotations-2.13.0.jar
10:30:12,102 (main) DEBUG [DataNucleus.Enhancer] - >>  C:\Users\Asus\.m2\repository\com\fasterxml\jackson\core\jackson-databind\2.13.0\jackson-databind-2.13.0.jar
10:30:12,102 (main) DEBUG [DataNucleus.Enhancer] - >>  C:\Users\Asus\.m2\repository\com\fasterxml\jackson\core\jackson-core\2.13.0\jackson-core-2.13.0.jar
10:30:12,102 (main) DEBUG [DataNucleus.Enhancer] - >>  C:\Users\Asus\.m2\repository\com\fasterxml\jackson\module\jackson-module-jakarta-xmlbind-annotations\2.13.0\jackson-module-jakarta-xmlbind-annotations-2.13.0.jar
10:30:12,102 (main) DEBUG [DataNucleus.Enhancer] - >>  C:\Users\Asus\.m2\repository\jakarta\xml\bind\jakarta.xml.bind-api\3.0.1\jakarta.xml.bind-api-3.0.1.jar
10:30:12,102 (main) DEBUG [DataNucleus.Enhancer] - >>  C:\Users\Asus\.m2\repository\com\sun\activation\jakarta.activation\2.0.1\jakarta.activation-2.0.1.jar
10:30:12,102 (main) DEBUG [DataNucleus.Enhancer] - >>  C:\Users\Asus\.m2\repository\org\datanucleus\datanucleus-core\5.2.8\datanucleus-core-5.2.8.jar
10:30:12,102 (main) DEBUG [DataNucleus.Enhancer] - >>  C:\Users\Asus\.m2\repository\org\datanucleus\datanucleus-api-jdo\5.2.7\datanucleus-api-jdo-5.2.7.jar
10:30:12,102 (main) DEBUG [DataNucleus.Enhancer] - >>  C:\Users\Asus\.m2\repository\org\datanucleus\javax.jdo\3.2.0-release\javax.jdo-3.2.0-release.jar
10:30:12,102 (main) DEBUG [DataNucleus.Enhancer] - >>  C:\Users\Asus\.m2\repository\javax\transaction\javax.transaction-api\1.3\javax.transaction-api-1.3.jar
10:30:12,102 (main) DEBUG [DataNucleus.Enhancer] - >>  C:\Users\Asus\.m2\repository\org\glassfish\corba\glassfish-corba-omgapi\4.2.2\glassfish-corba-omgapi-4.2.2.jar
10:30:12,102 (main) DEBUG [DataNucleus.Enhancer] - >>  C:\Users\Asus\.m2\repository\log4j\log4j\1.2.17\log4j-1.2.17.jar
10:30:12,102 (main) DEBUG [DataNucleus.Enhancer] - >>  C:\Users\Asus\.m2\repository\org\datanucleus\datanucleus-mongodb\5.2.1\datanucleus-mongodb-5.2.1.jar
10:30:12,102 (main) DEBUG [DataNucleus.Enhancer] - >>  C:\Users\Asus\.m2\repository\org\mongodb\mongodb-driver\3.9.1\mongodb-driver-3.9.1.jar
10:30:12,102 (main) DEBUG [DataNucleus.Enhancer] - >>  C:\Users\Asus\.m2\repository\org\mongodb\bson\3.9.1\bson-3.9.1.jar
10:30:12,102 (main) DEBUG [DataNucleus.Enhancer] - >>  C:\Users\Asus\.m2\repository\org\mongodb\mongodb-driver-core\3.9.1\mongodb-driver-core-3.9.1.jar
10:30:12,102 (main) DEBUG [DataNucleus.Enhancer] - >>  C:\Users\Asus\.m2\repository\org\mongodb\mongo-java-driver\3.12.10\mongo-java-driver-3.12.10.jar
10:30:12,103 (main) DEBUG [DataNucleus.Enhancer] - Enhancing classes
10:30:12,112 (main) DEBUG [DataNucleus.MetaData] - Analizando el MetaData "file:/C:/Users/Asus/IdeaProjects/BSPQ22-E5/back-end/target/classes/META-INF/persistence.xml" con handler "persistence" (validar="false")
10:30:12,115 (main) DEBUG [DataNucleus.MetaData] - MetaData Management : Carga de Metadata del persistence-unit "RecipeMaster" ...
10:30:12,152 (main) DEBUG [DataNucleus.MetaData] - Clase "com.codecooks.domain.User" tiene anotaciones de JDO y vamos a usarlas.
10:30:12,156 (main) DEBUG [DataNucleus.MetaData] - Clase "com.codecooks.domain.Recipe" tiene anotaciones de JDO y vamos a usarlas.
10:30:12,157 (main) DEBUG [DataNucleus.MetaData] - Populación del MetaData ...
10:30:12,157 (main) DEBUG [DataNucleus.MetaData] - Clase "com.codecooks.domain.User" : Populando Meta-Data
10:30:12,159 (main) DEBUG [DataNucleus.MetaData] - Clase "com.codecooks.domain.User" campo "username" : añadiendo el Meta-Data por el campo como no estaba en la definición de Meta-Data.
10:30:12,159 (main) DEBUG [DataNucleus.MetaData] - Clase "com.codecooks.domain.User" campo "email" : añadiendo el Meta-Data por el campo como no estaba en la definición de Meta-Data.
10:30:12,159 (main) DEBUG [DataNucleus.MetaData] - Clase "com.codecooks.domain.User" campo "password" : añadiendo el Meta-Data por el campo como no estaba en la definición de Meta-Data.
10:30:12,159 (main) DEBUG [DataNucleus.MetaData] - Clase "com.codecooks.domain.User" campo "name" : añadiendo el Meta-Data por el campo como no estaba en la definición de Meta-Data.
10:30:12,160 (main) DEBUG [DataNucleus.MetaData] - Clase "com.codecooks.domain.User" campo "surname" : añadiendo el Meta-Data por el campo como no estaba en la definición de Meta-Data.
10:30:12,160 (main) DEBUG [DataNucleus.MetaData] - Clase "com.codecooks.domain.User" campo "aboutMe" : añadiendo el Meta-Data por el campo como no estaba en la definición de Meta-Data.
10:30:12,160 (main) DEBUG [DataNucleus.MetaData] - Clase "com.codecooks.domain.User" campo "birthDate" : añadiendo el Meta-Data por el campo como no estaba en la definición de Meta-Data.
10:30:12,160 (main) DEBUG [DataNucleus.MetaData] - Clase "com.codecooks.domain.User" campo "gender" : añadiendo el Meta-Data por el campo como no estaba en la definición de Meta-Data.
10:30:12,160 (main) DEBUG [DataNucleus.MetaData] - Clase "com.codecooks.domain.User" campo "cookingeExp" : añadiendo el Meta-Data por el campo como no estaba en la definición de Meta-Data.
10:30:12,161 (main) DEBUG [DataNucleus.Persistence] - Tipo de Java com.codecooks.domain.CookingExperience como el tipo de Java java.lang.Enum
10:30:12,161 (main) DEBUG [DataNucleus.MetaData] - No encontramos el MetaData del tipo "jdo" por la clase "com.codecooks.domain.CookingExperience" en /META-INF/package.jdo
10:30:12,162 (main) DEBUG [DataNucleus.MetaData] - No encontramos el MetaData del tipo "jdo" por la clase "com.codecooks.domain.CookingExperience" en /WEB-INF/package.jdo
10:30:12,162 (main) DEBUG [DataNucleus.MetaData] - No encontramos el MetaData del tipo "jdo" por la clase "com.codecooks.domain.CookingExperience" en /package.jdo
10:30:12,162 (main) DEBUG [DataNucleus.MetaData] - No encontramos el MetaData del tipo "jdo" por la clase "com.codecooks.domain.CookingExperience" en /com/package.jdo
10:30:12,163 (main) DEBUG [DataNucleus.MetaData] - No encontramos el MetaData del tipo "jdo" por la clase "com.codecooks.domain.CookingExperience" en /com/codecooks/package.jdo
10:30:12,163 (main) DEBUG [DataNucleus.MetaData] - No encontramos el MetaData del tipo "jdo" por la clase "com.codecooks.domain.CookingExperience" en /com/codecooks/domain/package.jdo
10:30:12,163 (main) DEBUG [DataNucleus.MetaData] - No encontramos el MetaData del tipo "jdo" por la clase "com.codecooks.domain.CookingExperience" en /com/codecooks/domain/CookingExperience.jdo
10:30:12,163 (main) DEBUG [DataNucleus.MetaData] - No hemos encontrado el MetaData del tipo "jdo" por la clase "com.codecooks.domain.CookingExperience"
10:30:12,163 (main) DEBUG [DataNucleus.MetaData] - Registrando la clase "com.codecooks.domain.CookingExperience" no tener Meta-Data
10:30:12,163 (main) DEBUG [DataNucleus.Persistence] - Tipo de Java com.codecooks.domain.Gender como el tipo de Java java.lang.Enum
10:30:12,164 (main) DEBUG [DataNucleus.MetaData] - No encontramos el MetaData del tipo "jdo" por la clase "com.codecooks.domain.Gender" en /META-INF/package.jdo
10:30:12,164 (main) DEBUG [DataNucleus.MetaData] - No encontramos el MetaData del tipo "jdo" por la clase "com.codecooks.domain.Gender" en /WEB-INF/package.jdo
10:30:12,164 (main) DEBUG [DataNucleus.MetaData] - No encontramos el MetaData del tipo "jdo" por la clase "com.codecooks.domain.Gender" en /package.jdo
10:30:12,164 (main) DEBUG [DataNucleus.MetaData] - No encontramos el MetaData del tipo "jdo" por la clase "com.codecooks.domain.Gender" en /com/package.jdo
10:30:12,165 (main) DEBUG [DataNucleus.MetaData] - No encontramos el MetaData del tipo "jdo" por la clase "com.codecooks.domain.Gender" en /com/codecooks/package.jdo
10:30:12,165 (main) DEBUG [DataNucleus.MetaData] - No encontramos el MetaData del tipo "jdo" por la clase "com.codecooks.domain.Gender" en /com/codecooks/domain/package.jdo
10:30:12,165 (main) DEBUG [DataNucleus.MetaData] - No encontramos el MetaData del tipo "jdo" por la clase "com.codecooks.domain.Gender" en /com/codecooks/domain/Gender.jdo
10:30:12,165 (main) DEBUG [DataNucleus.MetaData] - No hemos encontrado el MetaData del tipo "jdo" por la clase "com.codecooks.domain.Gender"
10:30:12,165 (main) DEBUG [DataNucleus.MetaData] - Registrando la clase "com.codecooks.domain.Gender" no tener Meta-Data
10:30:12,166 (main) DEBUG [DataNucleus.MetaData] - Clase "com.codecooks.domain.Recipe" : Populando Meta-Data
10:30:12,166 (main) DEBUG [DataNucleus.MetaData] - Clase "com.codecooks.domain.Recipe" campo "title" : añadiendo el Meta-Data por el campo como no estaba en la definición de Meta-Data.
10:30:12,166 (main) DEBUG [DataNucleus.MetaData] - Clase "com.codecooks.domain.Recipe" campo "content" : añadiendo el Meta-Data por el campo como no estaba en la definición de Meta-Data.
10:30:12,166 (main) DEBUG [DataNucleus.MetaData] - Clase "com.codecooks.domain.Recipe" campo "date" : añadiendo el Meta-Data por el campo como no estaba en la definición de Meta-Data.
10:30:12,166 (main) DEBUG [DataNucleus.MetaData] - Inicialisación del MetaData ...
10:30:12,167 (main) DEBUG [DataNucleus.MetaData] - Clase "com.codecooks.domain.User" : Inicializando Meta-Data
10:30:12,168 (main) DEBUG [DataNucleus.MetaData] - Clase "com.codecooks.domain.Recipe" : Inicializando Meta-Data
10:30:12,168 (main) DEBUG [DataNucleus.MetaData] - MetaData Management : Carga de Metadata ya ha terminado
10:30:12,174 (main) DEBUG [DataNucleus.Enhancer] - Enhance de la clase "com.codecooks.domain.User" empezando ...
10:30:12,190 (main) INFO  [DataNucleus.Enhancer] - La clase "com.codecooks.domain.User" esta enhanced.
10:30:12,190 (main) DEBUG [DataNucleus.Enhancer] - Enhance de la clase "com.codecooks.domain.User" ha terminado
10:30:12,190 (main) DEBUG [DataNucleus.Enhancer] - Enhance de la clase "com.codecooks.domain.Recipe" empezando ...
10:30:12,191 (main) INFO  [DataNucleus.Enhancer] - La clase "com.codecooks.domain.Recipe" esta enhanced.
10:30:12,191 (main) DEBUG [DataNucleus.Enhancer] - Enhance de la clase "com.codecooks.domain.Recipe" ha terminado
10:30:12,191 (main) INFO  [DataNucleus.Enhancer] - DataNucleus Enhancer ha terminado con exito para 2 clases.
10:33:29,411 (main) DEBUG [DataNucleus.General] - Using PluginRegistry org.datanucleus.plugin.NonManagedPluginRegistry
10:33:29,489 (main) DEBUG [DataNucleus.General] - Registering bundle org.sonatype.inject version 2.3.0 at URL file:/C:/Users/Asus/.m2/repository/org/sonatype/sisu/sisu-inject-bean/2.3.0/sisu-inject-bean-2.3.0.jar.
10:33:29,560 (main) DEBUG [DataNucleus.General] - Leyendo extension-points y extensiones del archivo de plug-in jar:file:/C:/Users/Asus/.m2/repository/org/sonatype/sisu/sisu-inject-bean/2.3.0/sisu-inject-bean-2.3.0.jar!/plugin.xml.
10:33:29,567 (main) DEBUG [DataNucleus.General] - Registering bundle org.datanucleus version 5.2.8 at URL file:/C:/Users/Asus/.m2/repository/org/datanucleus/datanucleus-core/5.2.8/datanucleus-core-5.2.8.jar.
10:33:29,572 (main) DEBUG [DataNucleus.General] - Leyendo extension-points y extensiones del archivo de plug-in jar:file:/C:/Users/Asus/.m2/repository/org/datanucleus/datanucleus-core/5.2.8/datanucleus-core-5.2.8.jar!/plugin.xml.
10:33:29,587 (main) DEBUG [DataNucleus.General] - Registering bundle org.datanucleus.api.jdo version 5.2.7 at URL file:/C:/Users/Asus/.m2/repository/org/datanucleus/datanucleus-api-jdo/5.2.7/datanucleus-api-jdo-5.2.7.jar.
10:33:29,594 (main) DEBUG [DataNucleus.General] - Leyendo extension-points y extensiones del archivo de plug-in jar:file:/C:/Users/Asus/.m2/repository/org/datanucleus/datanucleus-api-jdo/5.2.7/datanucleus-api-jdo-5.2.7.jar!/plugin.xml.
10:33:29,598 (main) DEBUG [DataNucleus.General] - Registering bundle org.datanucleus.store.mongodb version 5.2.1 at URL file:/C:/Users/Asus/.m2/repository/org/datanucleus/datanucleus-mongodb/5.2.1/datanucleus-mongodb-5.2.1.jar.
10:33:29,600 (main) DEBUG [DataNucleus.General] - Leyendo extension-points y extensiones del archivo de plug-in jar:file:/C:/Users/Asus/.m2/repository/org/datanucleus/datanucleus-mongodb/5.2.1/datanucleus-mongodb-5.2.1.jar!/plugin.xml.
10:33:29,643 (main) DEBUG [DataNucleus.Persistence] - Tipos de Java inicializando ...
10:33:29,720 (main) DEBUG [DataNucleus.Persistence] - Soporte para tipos de Java listo : tipos soportados = [B, [C, [D, [F, [I, [J, [Ljava.lang.Boolean;, [Ljava.lang.Byte;, [Ljava.lang.Character;, [Ljava.lang.Double;, [Ljava.lang.Enum;, [Ljava.lang.Float;, [Ljava.lang.Integer;, [Ljava.lang.Long;, [Ljava.lang.Number;, [Ljava.lang.Object;, [Ljava.lang.Short;, [Ljava.lang.String;, [Ljava.math.BigDecimal;, [Ljava.math.BigInteger;, [Ljava.util.Date;, [Ljava.util.Locale;, [S, [Z, boolean, byte, char, double, float, int, java.awt.Color, java.awt.image.BufferedImage, java.lang.Boolean, java.lang.Byte, java.lang.Character, java.lang.Class, java.lang.Double, java.lang.Enum, java.lang.Float, java.lang.Integer, java.lang.Long, java.lang.Number, java.lang.Short, java.lang.String, java.lang.StringBuffer, java.lang.StringBuilder, java.math.BigDecimal, java.math.BigInteger, java.net.URI, java.net.URL, java.sql.Date, java.sql.Time, java.sql.Timestamp, java.time.Duration, java.time.Instant, java.time.LocalDate, java.time.LocalDateTime, java.time.LocalTime, java.time.MonthDay, java.time.OffsetDateTime, java.time.OffsetTime, java.time.Period, java.time.Year, java.time.YearMonth, java.time.ZonedDateTime, java.time.ZoneId, java.time.ZoneOffset, java.util.ArrayList, java.util.Arrays$ArrayList, java.util.BitSet, java.util.Calendar, java.util.Collection, java.util.Currency, java.util.Date, java.util.GregorianCalendar, java.util.HashMap, java.util.HashSet, java.util.Hashtable, java.util.LinkedHashMap, java.util.LinkedHashSet, java.util.LinkedList, java.util.List, java.util.Locale, java.util.Map, java.util.Optional, java.util.PriorityQueue, java.util.Properties, java.util.Queue, java.util.Set, java.util.SortedMap, java.util.SortedSet, java.util.Stack, java.util.TimeZone, java.util.TreeMap, java.util.TreeSet, java.util.UUID, java.util.Vector, long, short
10:33:29,720 (main) DEBUG [DataNucleus.Persistence] - Inicializando TypeConverters ...
10:33:29,763 (main) DEBUG [DataNucleus.Persistence] - TypeConverters listo
10:33:29,763 (main) DEBUG [DataNucleus.Persistence] - TypeConverter(s) available for byte[] to : java.nio.ByteBuffer
10:33:29,763 (main) DEBUG [DataNucleus.Persistence] - TypeConverter(s) available for char[] to : java.nio.ByteBuffer
10:33:29,763 (main) DEBUG [DataNucleus.Persistence] - TypeConverter(s) available for double[] to : java.nio.ByteBuffer
10:33:29,763 (main) DEBUG [DataNucleus.Persistence] - TypeConverter(s) available for float[] to : java.nio.ByteBuffer
10:33:29,763 (main) DEBUG [DataNucleus.Persistence] - TypeConverter(s) available for int[] to : java.nio.ByteBuffer
10:33:29,763 (main) DEBUG [DataNucleus.Persistence] - TypeConverter(s) available for long[] to : java.nio.ByteBuffer
10:33:29,763 (main) DEBUG [DataNucleus.Persistence] - TypeConverter(s) available for [Ljava.math.BigDecimal; to : java.nio.ByteBuffer
10:33:29,764 (main) DEBUG [DataNucleus.Persistence] - TypeConverter(s) available for [Ljava.math.BigInteger; to : java.nio.ByteBuffer
10:33:29,764 (main) DEBUG [DataNucleus.Persistence] - TypeConverter(s) available for short[] to : java.nio.ByteBuffer
10:33:29,764 (main) DEBUG [DataNucleus.Persistence] - TypeConverter(s) available for boolean[] to : java.nio.ByteBuffer
10:33:29,764 (main) DEBUG [DataNucleus.Persistence] - TypeConverter(s) available for java.awt.Color to : java.lang.String,int[]
10:33:29,764 (main) DEBUG [DataNucleus.Persistence] - TypeConverter(s) available for java.awt.image.BufferedImage to : java.nio.ByteBuffer,byte[]
10:33:29,764 (main) DEBUG [DataNucleus.Persistence] - TypeConverter(s) available for java.io.Serializable to : java.lang.String,java.nio.ByteBuffer,byte[]
10:33:29,764 (main) DEBUG [DataNucleus.Persistence] - TypeConverter(s) available for java.lang.Boolean to : java.lang.Character,java.lang.Integer
10:33:29,764 (main) DEBUG [DataNucleus.Persistence] - TypeConverter(s) available for java.lang.Character to : java.lang.String
10:33:29,764 (main) DEBUG [DataNucleus.Persistence] - TypeConverter(s) available for java.lang.Class to : java.lang.String
10:33:29,764 (main) DEBUG [DataNucleus.Persistence] - TypeConverter(s) available for java.lang.Integer to : java.lang.String
10:33:29,764 (main) DEBUG [DataNucleus.Persistence] - TypeConverter(s) available for java.lang.Long to : java.lang.String
10:33:29,764 (main) DEBUG [DataNucleus.Persistence] - TypeConverter(s) available for java.lang.StringBuffer to : java.lang.String
10:33:29,764 (main) DEBUG [DataNucleus.Persistence] - TypeConverter(s) available for java.lang.StringBuilder to : java.lang.String
10:33:29,764 (main) DEBUG [DataNucleus.Persistence] - TypeConverter(s) available for java.math.BigDecimal to : java.lang.Double,java.lang.String
10:33:29,764 (main) DEBUG [DataNucleus.Persistence] - TypeConverter(s) available for java.math.BigInteger to : java.lang.String,java.lang.Long
10:33:29,764 (main) DEBUG [DataNucleus.Persistence] - TypeConverter(s) available for java.net.URI to : java.lang.String
10:33:29,765 (main) DEBUG [DataNucleus.Persistence] - TypeConverter(s) available for java.net.URL to : java.lang.String
10:33:29,765 (main) DEBUG [DataNucleus.Persistence] - TypeConverter(s) available for java.sql.Date to : java.util.Date,java.lang.String,java.lang.Long
10:33:29,765 (main) DEBUG [DataNucleus.Persistence] - TypeConverter(s) available for java.sql.Time to : java.util.Date,java.lang.String,java.lang.Long
10:33:29,765 (main) DEBUG [DataNucleus.Persistence] - TypeConverter(s) available for java.sql.Timestamp to : java.util.Date,java.lang.String,java.lang.Long
10:33:29,765 (main) DEBUG [DataNucleus.Persistence] - TypeConverter(s) available for java.time.Duration to : java.lang.Double,java.lang.String,java.lang.Long
10:33:29,765 (main) DEBUG [DataNucleus.Persistence] - TypeConverter(s) available for java.time.Instant to : java.util.Date,java.lang.String,java.sql.Timestamp,java.lang.Long
10:33:29,765 (main) DEBUG [DataNucleus.Persistence] - TypeConverter(s) available for java.time.LocalDate to : java.util.Date,java.lang.String,java.sql.Date
10:33:29,765 (main) DEBUG [DataNucleus.Persistence] - TypeConverter(s) available for java.time.LocalDateTime to : java.util.Date,java.lang.String,java.sql.Timestamp
10:33:29,765 (main) DEBUG [DataNucleus.Persistence] - TypeConverter(s) available for java.time.LocalTime to : java.util.Date,java.lang.String,java.sql.Time,java.lang.Long
10:33:29,765 (main) DEBUG [DataNucleus.Persistence] - TypeConverter(s) available for java.time.MonthDay to : java.util.Date,java.lang.String,int[],java.sql.Date
10:33:29,765 (main) DEBUG [DataNucleus.Persistence] - TypeConverter(s) available for java.time.OffsetDateTime to : java.util.Date,java.lang.String,java.sql.Timestamp
10:33:29,765 (main) DEBUG [DataNucleus.Persistence] - TypeConverter(s) available for java.time.OffsetTime to : java.lang.String,java.sql.Time,java.lang.Long
10:33:29,765 (main) DEBUG [DataNucleus.Persistence] - TypeConverter(s) available for java.time.Period to : java.lang.String,int[]
10:33:29,765 (main) DEBUG [DataNucleus.Persistence] - TypeConverter(s) available for java.time.Year to : java.lang.String,java.lang.Integer
10:33:29,765 (main) DEBUG [DataNucleus.Persistence] - TypeConverter(s) available for java.time.YearMonth to : java.util.Date,java.lang.String,int[],java.sql.Date
10:33:29,765 (main) DEBUG [DataNucleus.Persistence] - TypeConverter(s) available for java.time.ZonedDateTime to : java.lang.String,java.sql.Timestamp
10:33:29,765 (main) DEBUG [DataNucleus.Persistence] - TypeConverter(s) available for java.time.ZoneId to : java.lang.String
10:33:29,766 (main) DEBUG [DataNucleus.Persistence] - TypeConverter(s) available for java.time.ZoneOffset to : java.lang.String
10:33:29,766 (main) DEBUG [DataNucleus.Persistence] - TypeConverter(s) available for java.util.BitSet to : java.lang.String
10:33:29,766 (main) DEBUG [DataNucleus.Persistence] - TypeConverter(s) available for java.util.Calendar to : java.util.Date,java.lang.String,[Ljava.lang.Object;,java.sql.Timestamp
10:33:29,766 (main) DEBUG [DataNucleus.Persistence] - TypeConverter(s) available for java.util.Currency to : java.lang.String
10:33:29,766 (main) DEBUG [DataNucleus.Persistence] - TypeConverter(s) available for java.util.Date to : java.lang.String,java.lang.Long
10:33:29,766 (main) DEBUG [DataNucleus.Persistence] - TypeConverter(s) available for java.util.Locale to : java.lang.String
10:33:29,766 (main) DEBUG [DataNucleus.Persistence] - TypeConverter(s) available for java.util.TimeZone to : java.lang.String
10:33:29,766 (main) DEBUG [DataNucleus.Persistence] - TypeConverter(s) available for java.util.UUID to : java.lang.String
10:33:29,768 (main) DEBUG [DataNucleus.MetaData] - MetaDataManager : Input=(XML,Annotations), XML-Validation=false, XML-Suffices=(persistence=*.jdo, orm=orm, query=*.jdoquery), JDO-listener=false
10:33:29,768 (main) INFO  [DataNucleus.Enhancer] - DataNucleus Enhancer (versión 5.2.8) para el API "JDO" utilisando el JRE "{2}"
10:33:29,768 (main) DEBUG [DataNucleus.Enhancer] - DataNucleus Enhancer : Classpath
10:33:29,768 (main) DEBUG [DataNucleus.Enhancer] - >>  C:\Users\Asus\.m2\repository\org\datanucleus\datanucleus-maven-plugin\5.0.2\datanucleus-maven-plugin-5.0.2.jar
10:33:29,768 (main) DEBUG [DataNucleus.Enhancer] - >>  C:\Users\Asus\.m2\repository\org\codehaus\plexus\plexus-utils\3.0.8\plexus-utils-3.0.8.jar
10:33:29,768 (main) DEBUG [DataNucleus.Enhancer] - >>  C:\Users\Asus\.m2\repository\org\apache\maven\maven-artifact\3.0.4\maven-artifact-3.0.4.jar
10:33:29,768 (main) DEBUG [DataNucleus.Enhancer] - >>  C:\Users\Asus\.m2\repository\org\apache\maven\maven-plugin-api\3.0.4\maven-plugin-api-3.0.4.jar
10:33:29,768 (main) DEBUG [DataNucleus.Enhancer] - >>  C:\Users\Asus\.m2\repository\org\apache\maven\maven-model\3.0.4\maven-model-3.0.4.jar
10:33:29,768 (main) DEBUG [DataNucleus.Enhancer] - >>  C:\Users\Asus\.m2\repository\org\sonatype\sisu\sisu-inject-plexus\2.3.0\sisu-inject-plexus-2.3.0.jar
10:33:29,768 (main) DEBUG [DataNucleus.Enhancer] - >>  C:\Users\Asus\.m2\repository\org\codehaus\plexus\plexus-component-annotations\1.5.5\plexus-component-annotations-1.5.5.jar
10:33:29,769 (main) DEBUG [DataNucleus.Enhancer] - >>  C:\Users\Asus\.m2\repository\org\sonatype\sisu\sisu-inject-bean\2.3.0\sisu-inject-bean-2.3.0.jar
10:33:29,769 (main) DEBUG [DataNucleus.Enhancer] - >>  C:\Users\Asus\.m2\repository\org\sonatype\sisu\sisu-guice\3.1.0\sisu-guice-3.1.0-no_aop.jar
10:33:29,769 (main) DEBUG [DataNucleus.Enhancer] - >>  C:\Users\Asus\.m2\repository\org\sonatype\sisu\sisu-guava\0.9.9\sisu-guava-0.9.9.jar
10:33:29,769 (main) DEBUG [DataNucleus.Enhancer] - >>  C:\Users\Asus\.m2\repository\org\codehaus\plexus\plexus-container-default\1.5.5\plexus-container-default-1.5.5.jar
10:33:29,769 (main) DEBUG [DataNucleus.Enhancer] - >>  C:\Users\Asus\.m2\repository\org\codehaus\plexus\plexus-classworlds\2.2.2\plexus-classworlds-2.2.2.jar
10:33:29,769 (main) DEBUG [DataNucleus.Enhancer] - >>  C:\Users\Asus\.m2\repository\org\apache\xbean\xbean-reflect\3.4\xbean-reflect-3.4.jar
10:33:29,769 (main) DEBUG [DataNucleus.Enhancer] - >>  C:\Users\Asus\.m2\repository\log4j\log4j\1.2.12\log4j-1.2.12.jar
10:33:29,769 (main) DEBUG [DataNucleus.Enhancer] - >>  C:\Users\Asus\.m2\repository\commons-logging\commons-logging-api\1.1\commons-logging-api-1.1.jar
10:33:29,769 (main) DEBUG [DataNucleus.Enhancer] - >>  C:\Users\Asus\.m2\repository\com\google\collections\google-collections\1.0\google-collections-1.0.jar
10:33:29,769 (main) DEBUG [DataNucleus.Enhancer] - >>  C:\Users\Asus\.m2\repository\junit\junit\3.8.2\junit-3.8.2.jar
10:33:29,769 (main) DEBUG [DataNucleus.Enhancer] - >>  C:\Users\Asus\IdeaProjects\BSPQ22-E5\back-end\target\classes
10:33:29,769 (main) DEBUG [DataNucleus.Enhancer] - >>  C:\Users\Asus\.m2\repository\org\glassfish\jersey\containers\jersey-container-grizzly2-http\3.0.4\jersey-container-grizzly2-http-3.0.4.jar
10:33:29,769 (main) DEBUG [DataNucleus.Enhancer] - >>  C:\Users\Asus\.m2\repository\jakarta\inject\jakarta.inject-api\2.0.0\jakarta.inject-api-2.0.0.jar
10:33:29,769 (main) DEBUG [DataNucleus.Enhancer] - >>  C:\Users\Asus\.m2\repository\org\glassfish\grizzly\grizzly-http-server\3.0.0\grizzly-http-server-3.0.0.jar
10:33:29,769 (main) DEBUG [DataNucleus.Enhancer] - >>  C:\Users\Asus\.m2\repository\org\glassfish\grizzly\grizzly-http\3.0.0\grizzly-http-3.0.0.jar
10:33:29,769 (main) DEBUG [DataNucleus.Enhancer] - >>  C:\Users\Asus\.m2\repository\org\glassfish\grizzly\grizzly-framework\3.0.0\grizzly-framework-3.0.0.jar
10:33:29,769 (main) DEBUG [DataNucleus.Enhancer] - >>  C:\Users\Asus\.m2\repository\org\glassfish\jersey\core\jersey-common\3.0.4\jersey-common-3.0.4.jar
10:33:29,769 (main) DEBUG [DataNucleus.Enhancer] - >>  C:\Users\Asus\.m2\repository\jakarta\annotation\jakarta.annotation-api\2.0.0\jakarta.annotation-api-2.0.0.jar
10:33:29,770 (main) DEBUG [DataNucleus.Enhancer] - >>  C:\Users\Asus\.m2\repository\org\glassfish\hk2\osgi-resource-locator\1.0.3\osgi-resource-locator-1.0.3.jar
10:33:29,770 (main) DEBUG [DataNucleus.Enhancer] - >>  C:\Users\Asus\.m2\repository\org\glassfish\jersey\core\jersey-server\3.0.4\jersey-server-3.0.4.jar
10:33:29,770 (main) DEBUG [DataNucleus.Enhancer] - >>  C:\Users\Asus\.m2\repository\org\glassfish\jersey\core\jersey-client\3.0.4\jersey-client-3.0.4.jar
10:33:29,770 (main) DEBUG [DataNucleus.Enhancer] - >>  C:\Users\Asus\.m2\repository\jakarta\validation\jakarta.validation-api\3.0.0\jakarta.validation-api-3.0.0.jar
10:33:29,770 (main) DEBUG [DataNucleus.Enhancer] - >>  C:\Users\Asus\.m2\repository\jakarta\ws\rs\jakarta.ws.rs-api\3.0.0\jakarta.ws.rs-api-3.0.0.jar
10:33:29,770 (main) DEBUG [DataNucleus.Enhancer] - >>  C:\Users\Asus\.m2\repository\org\glassfish\jersey\inject\jersey-hk2\3.0.4\jersey-hk2-3.0.4.jar
10:33:29,770 (main) DEBUG [DataNucleus.Enhancer] - >>  C:\Users\Asus\.m2\repository\org\glassfish\hk2\hk2-locator\3.0.1\hk2-locator-3.0.1.jar
10:33:29,770 (main) DEBUG [DataNucleus.Enhancer] - >>  C:\Users\Asus\.m2\repository\org\glassfish\hk2\external\aopalliance-repackaged\3.0.1\aopalliance-repackaged-3.0.1.jar
10:33:29,770 (main) DEBUG [DataNucleus.Enhancer] - >>  C:\Users\Asus\.m2\repository\org\glassfish\hk2\hk2-api\3.0.1\hk2-api-3.0.1.jar
10:33:29,770 (main) DEBUG [DataNucleus.Enhancer] - >>  C:\Users\Asus\.m2\repository\org\glassfish\hk2\hk2-utils\3.0.1\hk2-utils-3.0.1.jar
10:33:29,770 (main) DEBUG [DataNucleus.Enhancer] - >>  C:\Users\Asus\.m2\repository\org\javassist\javassist\3.25.0-GA\javassist-3.25.0-GA.jar
10:33:29,770 (main) DEBUG [DataNucleus.Enhancer] - >>  C:\Users\Asus\.m2\repository\org\glassfish\jersey\media\jersey-media-json-jackson\3.0.4\jersey-media-json-jackson-3.0.4.jar
10:33:29,770 (main) DEBUG [DataNucleus.Enhancer] - >>  C:\Users\Asus\.m2\repository\org\glassfish\jersey\ext\jersey-entity-filtering\3.0.4\jersey-entity-filtering-3.0.4.jar
10:33:29,770 (main) DEBUG [DataNucleus.Enhancer] - >>  C:\Users\Asus\.m2\repository\com\fasterxml\jackson\core\jackson-annotations\2.13.0\jackson-annotations-2.13.0.jar
10:33:29,770 (main) DEBUG [DataNucleus.Enhancer] - >>  C:\Users\Asus\.m2\repository\com\fasterxml\jackson\core\jackson-databind\2.13.0\jackson-databind-2.13.0.jar
10:33:29,770 (main) DEBUG [DataNucleus.Enhancer] - >>  C:\Users\Asus\.m2\repository\com\fasterxml\jackson\core\jackson-core\2.13.0\jackson-core-2.13.0.jar
10:33:29,770 (main) DEBUG [DataNucleus.Enhancer] - >>  C:\Users\Asus\.m2\repository\com\fasterxml\jackson\module\jackson-module-jakarta-xmlbind-annotations\2.13.0\jackson-module-jakarta-xmlbind-annotations-2.13.0.jar
10:33:29,770 (main) DEBUG [DataNucleus.Enhancer] - >>  C:\Users\Asus\.m2\repository\jakarta\xml\bind\jakarta.xml.bind-api\3.0.1\jakarta.xml.bind-api-3.0.1.jar
10:33:29,771 (main) DEBUG [DataNucleus.Enhancer] - >>  C:\Users\Asus\.m2\repository\com\sun\activation\jakarta.activation\2.0.1\jakarta.activation-2.0.1.jar
10:33:29,771 (main) DEBUG [DataNucleus.Enhancer] - >>  C:\Users\Asus\.m2\repository\org\datanucleus\datanucleus-core\5.2.8\datanucleus-core-5.2.8.jar
10:33:29,771 (main) DEBUG [DataNucleus.Enhancer] - >>  C:\Users\Asus\.m2\repository\org\datanucleus\datanucleus-api-jdo\5.2.7\datanucleus-api-jdo-5.2.7.jar
10:33:29,771 (main) DEBUG [DataNucleus.Enhancer] - >>  C:\Users\Asus\.m2\repository\org\datanucleus\javax.jdo\3.2.0-release\javax.jdo-3.2.0-release.jar
10:33:29,771 (main) DEBUG [DataNucleus.Enhancer] - >>  C:\Users\Asus\.m2\repository\javax\transaction\javax.transaction-api\1.3\javax.transaction-api-1.3.jar
10:33:29,771 (main) DEBUG [DataNucleus.Enhancer] - >>  C:\Users\Asus\.m2\repository\org\glassfish\corba\glassfish-corba-omgapi\4.2.2\glassfish-corba-omgapi-4.2.2.jar
10:33:29,771 (main) DEBUG [DataNucleus.Enhancer] - >>  C:\Users\Asus\.m2\repository\log4j\log4j\1.2.17\log4j-1.2.17.jar
10:33:29,771 (main) DEBUG [DataNucleus.Enhancer] - >>  C:\Users\Asus\.m2\repository\org\datanucleus\datanucleus-mongodb\5.2.1\datanucleus-mongodb-5.2.1.jar
10:33:29,771 (main) DEBUG [DataNucleus.Enhancer] - >>  C:\Users\Asus\.m2\repository\org\mongodb\mongodb-driver\3.9.1\mongodb-driver-3.9.1.jar
10:33:29,771 (main) DEBUG [DataNucleus.Enhancer] - >>  C:\Users\Asus\.m2\repository\org\mongodb\bson\3.9.1\bson-3.9.1.jar
10:33:29,771 (main) DEBUG [DataNucleus.Enhancer] - >>  C:\Users\Asus\.m2\repository\org\mongodb\mongodb-driver-core\3.9.1\mongodb-driver-core-3.9.1.jar
10:33:29,771 (main) DEBUG [DataNucleus.Enhancer] - >>  C:\Users\Asus\.m2\repository\org\mongodb\mongo-java-driver\3.12.10\mongo-java-driver-3.12.10.jar
10:33:29,772 (main) DEBUG [DataNucleus.Enhancer] - Enhancing classes
10:33:29,782 (main) DEBUG [DataNucleus.MetaData] - Analizando el MetaData "file:/C:/Users/Asus/IdeaProjects/BSPQ22-E5/back-end/target/classes/META-INF/persistence.xml" con handler "persistence" (validar="false")
10:33:29,788 (main) DEBUG [DataNucleus.MetaData] - MetaData Management : Carga de Metadata del persistence-unit "RecipeMaster" ...
10:33:29,828 (main) DEBUG [DataNucleus.MetaData] - Clase "com.codecooks.domain.User" tiene anotaciones de JDO y vamos a usarlas.
10:33:29,831 (main) DEBUG [DataNucleus.MetaData] - Clase "com.codecooks.domain.Recipe" tiene anotaciones de JDO y vamos a usarlas.
10:33:29,831 (main) DEBUG [DataNucleus.MetaData] - Populación del MetaData ...
10:33:29,831 (main) DEBUG [DataNucleus.MetaData] - Clase "com.codecooks.domain.User" : Populando Meta-Data
10:33:29,833 (main) DEBUG [DataNucleus.MetaData] - Clase "com.codecooks.domain.User" campo "username" : añadiendo el Meta-Data por el campo como no estaba en la definición de Meta-Data.
10:33:29,834 (main) DEBUG [DataNucleus.MetaData] - Clase "com.codecooks.domain.User" campo "email" : añadiendo el Meta-Data por el campo como no estaba en la definición de Meta-Data.
10:33:29,834 (main) DEBUG [DataNucleus.MetaData] - Clase "com.codecooks.domain.User" campo "password" : añadiendo el Meta-Data por el campo como no estaba en la definición de Meta-Data.
10:33:29,834 (main) DEBUG [DataNucleus.MetaData] - Clase "com.codecooks.domain.User" campo "name" : añadiendo el Meta-Data por el campo como no estaba en la definición de Meta-Data.
10:33:29,834 (main) DEBUG [DataNucleus.MetaData] - Clase "com.codecooks.domain.User" campo "surname" : añadiendo el Meta-Data por el campo como no estaba en la definición de Meta-Data.
10:33:29,834 (main) DEBUG [DataNucleus.MetaData] - Clase "com.codecooks.domain.User" campo "aboutMe" : añadiendo el Meta-Data por el campo como no estaba en la definición de Meta-Data.
10:33:29,834 (main) DEBUG [DataNucleus.MetaData] - Clase "com.codecooks.domain.User" campo "birthDate" : añadiendo el Meta-Data por el campo como no estaba en la definición de Meta-Data.
10:33:29,834 (main) DEBUG [DataNucleus.MetaData] - Clase "com.codecooks.domain.User" campo "gender" : añadiendo el Meta-Data por el campo como no estaba en la definición de Meta-Data.
10:33:29,834 (main) DEBUG [DataNucleus.MetaData] - Clase "com.codecooks.domain.User" campo "cookingeExp" : añadiendo el Meta-Data por el campo como no estaba en la definición de Meta-Data.
10:33:29,836 (main) DEBUG [DataNucleus.Persistence] - Tipo de Java com.codecooks.domain.CookingExperience como el tipo de Java java.lang.Enum
10:33:29,836 (main) DEBUG [DataNucleus.MetaData] - No encontramos el MetaData del tipo "jdo" por la clase "com.codecooks.domain.CookingExperience" en /META-INF/package.jdo
10:33:29,837 (main) DEBUG [DataNucleus.MetaData] - No encontramos el MetaData del tipo "jdo" por la clase "com.codecooks.domain.CookingExperience" en /WEB-INF/package.jdo
10:33:29,837 (main) DEBUG [DataNucleus.MetaData] - No encontramos el MetaData del tipo "jdo" por la clase "com.codecooks.domain.CookingExperience" en /package.jdo
10:33:29,837 (main) DEBUG [DataNucleus.MetaData] - No encontramos el MetaData del tipo "jdo" por la clase "com.codecooks.domain.CookingExperience" en /com/package.jdo
10:33:29,837 (main) DEBUG [DataNucleus.MetaData] - No encontramos el MetaData del tipo "jdo" por la clase "com.codecooks.domain.CookingExperience" en /com/codecooks/package.jdo
10:33:29,838 (main) DEBUG [DataNucleus.MetaData] - No encontramos el MetaData del tipo "jdo" por la clase "com.codecooks.domain.CookingExperience" en /com/codecooks/domain/package.jdo
10:33:29,838 (main) DEBUG [DataNucleus.MetaData] - No encontramos el MetaData del tipo "jdo" por la clase "com.codecooks.domain.CookingExperience" en /com/codecooks/domain/CookingExperience.jdo
10:33:29,838 (main) DEBUG [DataNucleus.MetaData] - No hemos encontrado el MetaData del tipo "jdo" por la clase "com.codecooks.domain.CookingExperience"
10:33:29,838 (main) DEBUG [DataNucleus.MetaData] - Registrando la clase "com.codecooks.domain.CookingExperience" no tener Meta-Data
10:33:29,838 (main) DEBUG [DataNucleus.Persistence] - Tipo de Java com.codecooks.domain.Gender como el tipo de Java java.lang.Enum
10:33:29,839 (main) DEBUG [DataNucleus.MetaData] - No encontramos el MetaData del tipo "jdo" por la clase "com.codecooks.domain.Gender" en /META-INF/package.jdo
10:33:29,839 (main) DEBUG [DataNucleus.MetaData] - No encontramos el MetaData del tipo "jdo" por la clase "com.codecooks.domain.Gender" en /WEB-INF/package.jdo
10:33:29,839 (main) DEBUG [DataNucleus.MetaData] - No encontramos el MetaData del tipo "jdo" por la clase "com.codecooks.domain.Gender" en /package.jdo
10:33:29,839 (main) DEBUG [DataNucleus.MetaData] - No encontramos el MetaData del tipo "jdo" por la clase "com.codecooks.domain.Gender" en /com/package.jdo
10:33:29,839 (main) DEBUG [DataNucleus.MetaData] - No encontramos el MetaData del tipo "jdo" por la clase "com.codecooks.domain.Gender" en /com/codecooks/package.jdo
10:33:29,839 (main) DEBUG [DataNucleus.MetaData] - No encontramos el MetaData del tipo "jdo" por la clase "com.codecooks.domain.Gender" en /com/codecooks/domain/package.jdo
10:33:29,840 (main) DEBUG [DataNucleus.MetaData] - No encontramos el MetaData del tipo "jdo" por la clase "com.codecooks.domain.Gender" en /com/codecooks/domain/Gender.jdo
10:33:29,840 (main) DEBUG [DataNucleus.MetaData] - No hemos encontrado el MetaData del tipo "jdo" por la clase "com.codecooks.domain.Gender"
10:33:29,840 (main) DEBUG [DataNucleus.MetaData] - Registrando la clase "com.codecooks.domain.Gender" no tener Meta-Data
10:33:29,840 (main) DEBUG [DataNucleus.MetaData] - Clase "com.codecooks.domain.Recipe" : Populando Meta-Data
10:33:29,840 (main) DEBUG [DataNucleus.MetaData] - Clase "com.codecooks.domain.Recipe" campo "title" : añadiendo el Meta-Data por el campo como no estaba en la definición de Meta-Data.
10:33:29,840 (main) DEBUG [DataNucleus.MetaData] - Clase "com.codecooks.domain.Recipe" campo "content" : añadiendo el Meta-Data por el campo como no estaba en la definición de Meta-Data.
10:33:29,840 (main) DEBUG [DataNucleus.MetaData] - Clase "com.codecooks.domain.Recipe" campo "date" : añadiendo el Meta-Data por el campo como no estaba en la definición de Meta-Data.
10:33:29,840 (main) DEBUG [DataNucleus.MetaData] - Inicialisación del MetaData ...
10:33:29,841 (main) DEBUG [DataNucleus.MetaData] - Clase "com.codecooks.domain.User" : Inicializando Meta-Data
10:33:29,842 (main) DEBUG [DataNucleus.MetaData] - Clase "com.codecooks.domain.Recipe" : Inicializando Meta-Data
10:33:29,842 (main) DEBUG [DataNucleus.MetaData] - MetaData Management : Carga de Metadata ya ha terminado
10:33:29,851 (main) DEBUG [DataNucleus.Enhancer] - Enhance de la clase "com.codecooks.domain.User" empezando ...
10:33:29,874 (main) DEBUG [DataNucleus.Enhancer] - La clase "com.codecooks.domain.User" no implementa el interfaz "org.datanucleus.enhancement.Persistable"!
10:33:29,874 (main) DEBUG [DataNucleus.Enhancer] - La clase "com.codecooks.domain.User" no tiene el campo "dnStateManager" pero lo necesita
10:33:29,874 (main) DEBUG [DataNucleus.Enhancer] - La clase "com.codecooks.domain.User" no tiene el campo "dnInheritedFieldCount" pero lo necesita
10:33:29,874 (main) DEBUG [DataNucleus.Enhancer] - La clase "com.codecooks.domain.User" no tiene el campo "dnFlags" pero lo necesita
10:33:29,874 (main) DEBUG [DataNucleus.Enhancer] - La clase "com.codecooks.domain.User" no tiene el campo "dnFieldNames" pero lo necesita
10:33:29,874 (main) DEBUG [DataNucleus.Enhancer] - La clase "com.codecooks.domain.User" no tiene el metodo "dnReplaceField" pero lo necesita
10:33:29,874 (main) DEBUG [DataNucleus.Enhancer] - La clase "com.codecooks.domain.User" no tiene el metodo "dnGetStateManager" pero lo necesita
10:33:29,874 (main) DEBUG [DataNucleus.Enhancer] - La clase "com.codecooks.domain.User" no tiene el metodo "dnIsTransactional" pero lo necesita
10:33:29,874 (main) DEBUG [DataNucleus.Enhancer] - La clase "com.codecooks.domain.User" no tiene el metodo "dnNewInstance" pero lo necesita
10:33:29,874 (main) DEBUG [DataNucleus.Enhancer] - La clase "com.codecooks.domain.User" no tiene el metodo "dnNewInstance" pero lo necesita
10:33:29,874 (main) DEBUG [DataNucleus.Enhancer] - La clase "com.codecooks.domain.User" no tiene el metodo "dnProvideFields" pero lo necesita
10:33:29,874 (main) DEBUG [DataNucleus.Enhancer] - La clase "com.codecooks.domain.User" no tiene el metodo "___dn$loadClass" pero lo necesita
10:33:29,874 (main) DEBUG [DataNucleus.Enhancer] - La clase "com.codecooks.domain.User" no tiene el metodo "dnGetManagedFieldCount" pero lo necesita
10:33:29,874 (main) DEBUG [DataNucleus.Enhancer] - La clase "com.codecooks.domain.User" no tiene el metodo "dnIsDirty" pero lo necesita
10:33:29,874 (main) DEBUG [DataNucleus.Enhancer] - La clase "com.codecooks.domain.User" no tiene el metodo "dnReplaceStateManager" pero lo necesita
10:33:29,875 (main) DEBUG [DataNucleus.Enhancer] - La clase "com.codecooks.domain.User" no tiene el metodo "dnReplaceFlags" pero lo necesita
10:33:29,875 (main) DEBUG [DataNucleus.Enhancer] - La clase "com.codecooks.domain.User" no tiene el metodo "dnIsDetached" pero lo necesita
10:33:29,875 (main) DEBUG [DataNucleus.Enhancer] - La clase "com.codecooks.domain.User" no tiene el metodo "dnMakeDirty" pero lo necesita
10:33:29,875 (main) DEBUG [DataNucleus.Enhancer] - La clase "com.codecooks.domain.User" no tiene el metodo "dnIsDeleted" pero lo necesita
10:33:29,875 (main) DEBUG [DataNucleus.Enhancer] - La clase "com.codecooks.domain.User" no tiene el metodo "dnProvideField" pero lo necesita
10:33:29,875 (main) DEBUG [DataNucleus.Enhancer] - La clase "com.codecooks.domain.User" no tiene el metodo "dnPreSerialize" pero lo necesita
10:33:29,875 (main) DEBUG [DataNucleus.Enhancer] - La clase "com.codecooks.domain.User" no tiene el metodo "dnGetObjectId" pero lo necesita
10:33:29,875 (main) DEBUG [DataNucleus.Enhancer] - La clase "com.codecooks.domain.User" no tiene el metodo "dnGetVersion" pero lo necesita
10:33:29,875 (main) DEBUG [DataNucleus.Enhancer] - La clase "com.codecooks.domain.User" no tiene el metodo "dnGetTransactionalObjectId" pero lo necesita
10:33:29,875 (main) DEBUG [DataNucleus.Enhancer] - La clase "com.codecooks.domain.User" no tiene el metodo "dnIsNew" pero lo necesita
10:33:29,875 (main) DEBUG [DataNucleus.Enhancer] - La clase "com.codecooks.domain.User" no tiene el metodo "dnCopyKeyFieldsToObjectId" pero lo necesita
10:33:29,875 (main) DEBUG [DataNucleus.Enhancer] - La clase "com.codecooks.domain.User" no tiene el metodo "dnCopyKeyFieldsToObjectId" pero lo necesita
10:33:29,875 (main) DEBUG [DataNucleus.Enhancer] - La clase "com.codecooks.domain.User" no tiene el metodo "dnCopyField" pero lo necesita
10:33:29,875 (main) DEBUG [DataNucleus.Enhancer] - La clase "com.codecooks.domain.User" no tiene el metodo "dnCopyKeyFieldsFromObjectId" pero lo necesita
10:33:29,875 (main) DEBUG [DataNucleus.Enhancer] - La clase "com.codecooks.domain.User" no tiene el metodo "dnCopyKeyFieldsFromObjectId" pero lo necesita
10:33:29,875 (main) DEBUG [DataNucleus.Enhancer] - La clase "com.codecooks.domain.User" no tiene el metodo "dnGetExecutionContext" pero lo necesita
10:33:29,875 (main) DEBUG [DataNucleus.Enhancer] - La clase "com.codecooks.domain.User" no tiene el metodo "dnCopyFields" pero lo necesita
10:33:29,875 (main) DEBUG [DataNucleus.Enhancer] - La clase "com.codecooks.domain.User" no tiene el metodo "__dnGetInheritedFieldCount" pero lo necesita
10:33:29,875 (main) DEBUG [DataNucleus.Enhancer] - La clase "com.codecooks.domain.User" no tiene el metodo "dnNewObjectIdInstance" pero lo necesita
10:33:29,875 (main) DEBUG [DataNucleus.Enhancer] - La clase "com.codecooks.domain.User" no tiene el metodo "dnNewObjectIdInstance" pero lo necesita
10:33:29,875 (main) DEBUG [DataNucleus.Enhancer] - La clase "com.codecooks.domain.User" no tiene el metodo "dnIsPersistent" pero lo necesita
10:33:29,875 (main) DEBUG [DataNucleus.Enhancer] - La clase "com.codecooks.domain.User" no tiene el metodo "dnReplaceFields" pero lo necesita
10:33:29,875 (main) DEBUG [DataNucleus.Enhancer] - La clase "com.codecooks.domain.User" no tiene el metodo "__dnFieldNamesInit" pero lo necesita
10:33:29,887 (main) DEBUG [DataNucleus.Enhancer] - Agregando el interfaz: org.datanucleus.enhancement.Persistable
10:33:29,891 (main) DEBUG [DataNucleus.Enhancer] - Enhancing metodo original com.codecooks.domain.User.<init> : ignorando enhance de set del campo "com.codecooks.domain.User.username"
10:33:29,891 (main) DEBUG [DataNucleus.Enhancer] - Enhancing metodo original com.codecooks.domain.User.<init> : ignorando enhance de set del campo "com.codecooks.domain.User.email"
10:33:29,891 (main) DEBUG [DataNucleus.Enhancer] - Enhancing metodo original com.codecooks.domain.User.<init> : ignorando enhance de set del campo "com.codecooks.domain.User.password"
10:33:29,891 (main) DEBUG [DataNucleus.Enhancer] - Enhancing metodo original com.codecooks.domain.User.getUsername, cambiando el uso del campo "com.codecooks.domain.User.username" para utilisar "dnGetusername()"
10:33:29,891 (main) DEBUG [DataNucleus.Enhancer] - Enhancing metodo original com.codecooks.domain.User.setUsername, cambiando el uso del campo "com.codecooks.domain.User.username" para utilisar "dnSetusername()"
10:33:29,891 (main) DEBUG [DataNucleus.Enhancer] - Enhancing metodo original com.codecooks.domain.User.getEmail, cambiando el uso del campo "com.codecooks.domain.User.email" para utilisar "dnGetemail()"
10:33:29,891 (main) DEBUG [DataNucleus.Enhancer] - Enhancing metodo original com.codecooks.domain.User.getPassword, cambiando el uso del campo "com.codecooks.domain.User.password" para utilisar "dnGetpassword()"
10:33:29,891 (main) DEBUG [DataNucleus.Enhancer] - Enhancing metodo original com.codecooks.domain.User.setPassword, cambiando el uso del campo "com.codecooks.domain.User.password" para utilisar "dnSetpassword()"
10:33:29,892 (main) DEBUG [DataNucleus.Enhancer] - Enhancing metodo original com.codecooks.domain.User.getGender, cambiando el uso del campo "com.codecooks.domain.User.gender" para utilisar "dnGetgender()"
10:33:29,892 (main) DEBUG [DataNucleus.Enhancer] - Enhancing metodo original com.codecooks.domain.User.setGender, cambiando el uso del campo "com.codecooks.domain.User.gender" para utilisar "dnSetgender()"
10:33:29,892 (main) DEBUG [DataNucleus.Enhancer] - Enhancing metodo original com.codecooks.domain.User.getCookingeExp, cambiando el uso del campo "com.codecooks.domain.User.cookingeExp" para utilisar "dnGetcookingeExp()"
10:33:29,892 (main) DEBUG [DataNucleus.Enhancer] - Enhancing metodo original com.codecooks.domain.User.setCookingeExp, cambiando el uso del campo "com.codecooks.domain.User.cookingeExp" para utilisar "dnSetcookingeExp()"
10:33:29,892 (main) DEBUG [DataNucleus.Enhancer] - Agregando el campo "org.datanucleus.enhancement.StateManager dnStateManager"
10:33:29,892 (main) DEBUG [DataNucleus.Enhancer] - Agregando el campo "byte dnFlags"
10:33:29,892 (main) DEBUG [DataNucleus.Enhancer] - Agregando el campo "[Ljava.lang.String; dnFieldNames"
10:33:29,892 (main) DEBUG [DataNucleus.Enhancer] - Agregando el campo "int dnInheritedFieldCount"
10:33:29,893 (main) DEBUG [DataNucleus.Enhancer] - Agregando el metodo "void <clinit>()"
10:33:29,893 (main) DEBUG [DataNucleus.Enhancer] - Agregando el constructor "com.codecooks.domain.User()"
10:33:29,894 (main) DEBUG [DataNucleus.Enhancer] - Agregando el metodo "void dnCopyKeyFieldsFromObjectId(org.datanucleus.enhancement.Persistable$ObjectIdFieldConsumer fc, java.lang.Object oid)"
10:33:29,894 (main) DEBUG [DataNucleus.Enhancer] - Agregando el metodo "void dnCopyKeyFieldsFromObjectId(java.lang.Object oid)"
10:33:29,894 (main) DEBUG [DataNucleus.Enhancer] - Agregando el metodo "void dnCopyKeyFieldsToObjectId(java.lang.Object oid)"
10:33:29,894 (main) DEBUG [DataNucleus.Enhancer] - Agregando el metodo "void dnCopyKeyFieldsToObjectId(org.datanucleus.enhancement.Persistable$ObjectIdFieldSupplier fs, java.lang.Object oid)"
10:33:29,894 (main) DEBUG [DataNucleus.Enhancer] - Agregando el metodo "java.lang.Object dnGetObjectId()"
10:33:29,894 (main) DEBUG [DataNucleus.Enhancer] - Agregando el metodo "java.lang.Object dnGetVersion()"
10:33:29,894 (main) DEBUG [DataNucleus.Enhancer] - Agregando el metodo "void dnPreSerialize()"
10:33:29,895 (main) DEBUG [DataNucleus.Enhancer] - Agregando el metodo "org.datanucleus.enhancement.ExecutionContextReference dnGetExecutionContext()"
10:33:29,895 (main) DEBUG [DataNucleus.Enhancer] - Agregando el metodo "org.datanucleus.enhancement.StateManager dnGetStateManager()"
10:33:29,895 (main) DEBUG [DataNucleus.Enhancer] - Agregando el metodo "java.lang.Object dnGetTransactionalObjectId()"
10:33:29,895 (main) DEBUG [DataNucleus.Enhancer] - Agregando el metodo "boolean dnIsDeleted()"
10:33:29,896 (main) DEBUG [DataNucleus.Enhancer] - Agregando el metodo "boolean dnIsDirty()"
10:33:29,896 (main) DEBUG [DataNucleus.Enhancer] - Agregando el metodo "boolean dnIsNew()"
10:33:29,896 (main) DEBUG [DataNucleus.Enhancer] - Agregando el metodo "boolean dnIsPersistent()"
10:33:29,896 (main) DEBUG [DataNucleus.Enhancer] - Agregando el metodo "boolean dnIsTransactional()"
10:33:29,896 (main) DEBUG [DataNucleus.Enhancer] - Agregando el metodo "void dnMakeDirty(java.lang.String fieldName)"
10:33:29,896 (main) DEBUG [DataNucleus.Enhancer] - Agregando el metodo "java.lang.Object dnNewObjectIdInstance()"
10:33:29,896 (main) DEBUG [DataNucleus.Enhancer] - Agregando el metodo "java.lang.Object dnNewObjectIdInstance(java.lang.Object key)"
10:33:29,896 (main) DEBUG [DataNucleus.Enhancer] - Agregando el metodo "void dnProvideFields([I indices)"
10:33:29,896 (main) DEBUG [DataNucleus.Enhancer] - Agregando el metodo "void dnReplaceFields([I indices)"
10:33:29,896 (main) DEBUG [DataNucleus.Enhancer] - Agregando el metodo "void dnReplaceFlags()"
10:33:29,897 (main) DEBUG [DataNucleus.Enhancer] - Agregando el metodo "void dnReplaceStateManager(org.datanucleus.enhancement.StateManager sm)"
10:33:29,897 (main) DEBUG [DataNucleus.Enhancer] - Agregando el metodo "boolean dnIsDetached()"
10:33:29,897 (main) DEBUG [DataNucleus.Enhancer] - Agregando el metodo "org.datanucleus.enhancement.Persistable dnNewInstance(org.datanucleus.enhancement.StateManager sm)"
10:33:29,897 (main) DEBUG [DataNucleus.Enhancer] - Agregando el metodo "org.datanucleus.enhancement.Persistable dnNewInstance(org.datanucleus.enhancement.StateManager sm, java.lang.Object obj)"
10:33:29,897 (main) DEBUG [DataNucleus.Enhancer] - Agregando el metodo "void dnReplaceField(int index)"
10:33:29,898 (main) DEBUG [DataNucleus.Enhancer] - Agregando el metodo "void dnProvideField(int index)"
10:33:29,898 (main) DEBUG [DataNucleus.Enhancer] - Agregando el metodo "void dnCopyField(com.codecooks.domain.User obj, int index)"
10:33:29,898 (main) DEBUG [DataNucleus.Enhancer] - Agregando el metodo "void dnCopyFields(java.lang.Object obj, [I indices)"
10:33:29,898 (main) DEBUG [DataNucleus.Enhancer] - Agregando el metodo "[Ljava.lang.String; __dnFieldNamesInit()"
10:33:29,898 (main) DEBUG [DataNucleus.Enhancer] - Agregando el metodo "int __dnGetInheritedFieldCount()"
10:33:29,898 (main) DEBUG [DataNucleus.Enhancer] - Agregando el metodo "int dnGetManagedFieldCount()"
10:33:29,899 (main) DEBUG [DataNucleus.Enhancer] - Agregando el metodo "java.lang.Class ___dn$loadClass(java.lang.String className)"
10:33:29,899 (main) DEBUG [DataNucleus.Enhancer] - Agregando el metodo "java.lang.String dnGetaboutMe(com.codecooks.domain.User objPC)"
10:33:29,899 (main) DEBUG [DataNucleus.Enhancer] - Agregando el metodo "void dnSetaboutMe(com.codecooks.domain.User objPC, java.lang.String val)"
10:33:29,900 (main) DEBUG [DataNucleus.Enhancer] - Agregando el metodo "java.time.LocalDate dnGetbirthDate(com.codecooks.domain.User objPC)"
10:33:29,901 (main) DEBUG [DataNucleus.Enhancer] - Agregando el metodo "void dnSetbirthDate(com.codecooks.domain.User objPC, java.time.LocalDate val)"
10:33:29,901 (main) DEBUG [DataNucleus.Enhancer] - Agregando el metodo "com.codecooks.domain.CookingExperience dnGetcookingeExp(com.codecooks.domain.User objPC)"
10:33:29,901 (main) DEBUG [DataNucleus.Enhancer] - Agregando el metodo "void dnSetcookingeExp(com.codecooks.domain.User objPC, com.codecooks.domain.CookingExperience val)"
10:33:29,901 (main) DEBUG [DataNucleus.Enhancer] - Agregando el metodo "java.lang.String dnGetemail(com.codecooks.domain.User objPC)"
10:33:29,901 (main) DEBUG [DataNucleus.Enhancer] - Agregando el metodo "void dnSetemail(com.codecooks.domain.User objPC, java.lang.String val)"
10:33:29,901 (main) DEBUG [DataNucleus.Enhancer] - Agregando el metodo "com.codecooks.domain.Gender dnGetgender(com.codecooks.domain.User objPC)"
10:33:29,902 (main) DEBUG [DataNucleus.Enhancer] - Agregando el metodo "void dnSetgender(com.codecooks.domain.User objPC, com.codecooks.domain.Gender val)"
10:33:29,902 (main) DEBUG [DataNucleus.Enhancer] - Agregando el metodo "java.lang.String dnGetname(com.codecooks.domain.User objPC)"
10:33:29,902 (main) DEBUG [DataNucleus.Enhancer] - Agregando el metodo "void dnSetname(com.codecooks.domain.User objPC, java.lang.String val)"
10:33:29,902 (main) DEBUG [DataNucleus.Enhancer] - Agregando el metodo "java.lang.String dnGetpassword(com.codecooks.domain.User objPC)"
10:33:29,902 (main) DEBUG [DataNucleus.Enhancer] - Agregando el metodo "void dnSetpassword(com.codecooks.domain.User objPC, java.lang.String val)"
10:33:29,902 (main) DEBUG [DataNucleus.Enhancer] - Agregando el metodo "java.lang.String dnGetsurname(com.codecooks.domain.User objPC)"
10:33:29,902 (main) DEBUG [DataNucleus.Enhancer] - Agregando el metodo "void dnSetsurname(com.codecooks.domain.User objPC, java.lang.String val)"
10:33:29,902 (main) DEBUG [DataNucleus.Enhancer] - Agregando el metodo "java.lang.String dnGetusername(com.codecooks.domain.User objPC)"
10:33:29,902 (main) DEBUG [DataNucleus.Enhancer] - Agregando el metodo "void dnSetusername(com.codecooks.domain.User objPC, java.lang.String val)"
10:33:29,903 (main) INFO  [DataNucleus.Enhancer] - Escribiendo el archivo de clase "C:\Users\Asus\IdeaProjects\BSPQ22-E5\back-end\target\classes\com\codecooks\domain\User.class" con definicion enhanced
10:33:29,904 (main) DEBUG [DataNucleus.Enhancer] - Enhance de la clase "com.codecooks.domain.User" ha terminado
10:33:29,904 (main) DEBUG [DataNucleus.Enhancer] - Enhance de la clase "com.codecooks.domain.Recipe" empezando ...
10:33:29,905 (main) DEBUG [DataNucleus.Enhancer] - La clase "com.codecooks.domain.Recipe" no implementa el interfaz "org.datanucleus.enhancement.Persistable"!
10:33:29,905 (main) DEBUG [DataNucleus.Enhancer] - La clase "com.codecooks.domain.Recipe" no tiene el campo "dnStateManager" pero lo necesita
10:33:29,905 (main) DEBUG [DataNucleus.Enhancer] - La clase "com.codecooks.domain.Recipe" no tiene el campo "dnInheritedFieldCount" pero lo necesita
10:33:29,905 (main) DEBUG [DataNucleus.Enhancer] - La clase "com.codecooks.domain.Recipe" no tiene el campo "dnFlags" pero lo necesita
10:33:29,905 (main) DEBUG [DataNucleus.Enhancer] - La clase "com.codecooks.domain.Recipe" no tiene el campo "dnFieldNames" pero lo necesita
10:33:29,905 (main) DEBUG [DataNucleus.Enhancer] - La clase "com.codecooks.domain.Recipe" no tiene el metodo "dnReplaceField" pero lo necesita
10:33:29,905 (main) DEBUG [DataNucleus.Enhancer] - La clase "com.codecooks.domain.Recipe" no tiene el metodo "dnGetStateManager" pero lo necesita
10:33:29,905 (main) DEBUG [DataNucleus.Enhancer] - La clase "com.codecooks.domain.Recipe" no tiene el metodo "dnIsTransactional" pero lo necesita
10:33:29,905 (main) DEBUG [DataNucleus.Enhancer] - La clase "com.codecooks.domain.Recipe" no tiene el metodo "dnNewInstance" pero lo necesita
10:33:29,905 (main) DEBUG [DataNucleus.Enhancer] - La clase "com.codecooks.domain.Recipe" no tiene el metodo "dnNewInstance" pero lo necesita
10:33:29,905 (main) DEBUG [DataNucleus.Enhancer] - La clase "com.codecooks.domain.Recipe" no tiene el metodo "dnProvideFields" pero lo necesita
10:33:29,905 (main) DEBUG [DataNucleus.Enhancer] - La clase "com.codecooks.domain.Recipe" no tiene el metodo "___dn$loadClass" pero lo necesita
10:33:29,905 (main) DEBUG [DataNucleus.Enhancer] - La clase "com.codecooks.domain.Recipe" no tiene el metodo "dnGetManagedFieldCount" pero lo necesita
10:33:29,905 (main) DEBUG [DataNucleus.Enhancer] - La clase "com.codecooks.domain.Recipe" no tiene el metodo "dnIsDirty" pero lo necesita
10:33:29,905 (main) DEBUG [DataNucleus.Enhancer] - La clase "com.codecooks.domain.Recipe" no tiene el metodo "dnReplaceStateManager" pero lo necesita
10:33:29,905 (main) DEBUG [DataNucleus.Enhancer] - La clase "com.codecooks.domain.Recipe" no tiene el metodo "dnReplaceFlags" pero lo necesita
10:33:29,905 (main) DEBUG [DataNucleus.Enhancer] - La clase "com.codecooks.domain.Recipe" no tiene el metodo "dnIsDetached" pero lo necesita
10:33:29,905 (main) DEBUG [DataNucleus.Enhancer] - La clase "com.codecooks.domain.Recipe" no tiene el metodo "dnMakeDirty" pero lo necesita
10:33:29,905 (main) DEBUG [DataNucleus.Enhancer] - La clase "com.codecooks.domain.Recipe" no tiene el metodo "dnIsDeleted" pero lo necesita
10:33:29,905 (main) DEBUG [DataNucleus.Enhancer] - La clase "com.codecooks.domain.Recipe" no tiene el metodo "dnProvideField" pero lo necesita
10:33:29,905 (main) DEBUG [DataNucleus.Enhancer] - La clase "com.codecooks.domain.Recipe" no tiene el metodo "dnPreSerialize" pero lo necesita
10:33:29,905 (main) DEBUG [DataNucleus.Enhancer] - La clase "com.codecooks.domain.Recipe" no tiene el metodo "dnGetObjectId" pero lo necesita
10:33:29,905 (main) DEBUG [DataNucleus.Enhancer] - La clase "com.codecooks.domain.Recipe" no tiene el metodo "dnGetVersion" pero lo necesita
10:33:29,905 (main) DEBUG [DataNucleus.Enhancer] - La clase "com.codecooks.domain.Recipe" no tiene el metodo "dnGetTransactionalObjectId" pero lo necesita
10:33:29,905 (main) DEBUG [DataNucleus.Enhancer] - La clase "com.codecooks.domain.Recipe" no tiene el metodo "dnIsNew" pero lo necesita
10:33:29,906 (main) DEBUG [DataNucleus.Enhancer] - La clase "com.codecooks.domain.Recipe" no tiene el metodo "dnCopyKeyFieldsToObjectId" pero lo necesita
10:33:29,906 (main) DEBUG [DataNucleus.Enhancer] - La clase "com.codecooks.domain.Recipe" no tiene el metodo "dnCopyKeyFieldsToObjectId" pero lo necesita
10:33:29,906 (main) DEBUG [DataNucleus.Enhancer] - La clase "com.codecooks.domain.Recipe" no tiene el metodo "dnCopyField" pero lo necesita
10:33:29,906 (main) DEBUG [DataNucleus.Enhancer] - La clase "com.codecooks.domain.Recipe" no tiene el metodo "dnCopyKeyFieldsFromObjectId" pero lo necesita
10:33:29,906 (main) DEBUG [DataNucleus.Enhancer] - La clase "com.codecooks.domain.Recipe" no tiene el metodo "dnCopyKeyFieldsFromObjectId" pero lo necesita
10:33:29,906 (main) DEBUG [DataNucleus.Enhancer] - La clase "com.codecooks.domain.Recipe" no tiene el metodo "dnGetExecutionContext" pero lo necesita
10:33:29,906 (main) DEBUG [DataNucleus.Enhancer] - La clase "com.codecooks.domain.Recipe" no tiene el metodo "dnCopyFields" pero lo necesita
10:33:29,906 (main) DEBUG [DataNucleus.Enhancer] - La clase "com.codecooks.domain.Recipe" no tiene el metodo "__dnGetInheritedFieldCount" pero lo necesita
10:33:29,906 (main) DEBUG [DataNucleus.Enhancer] - La clase "com.codecooks.domain.Recipe" no tiene el metodo "dnNewObjectIdInstance" pero lo necesita
10:33:29,906 (main) DEBUG [DataNucleus.Enhancer] - La clase "com.codecooks.domain.Recipe" no tiene el metodo "dnNewObjectIdInstance" pero lo necesita
10:33:29,906 (main) DEBUG [DataNucleus.Enhancer] - La clase "com.codecooks.domain.Recipe" no tiene el metodo "dnIsPersistent" pero lo necesita
10:33:29,906 (main) DEBUG [DataNucleus.Enhancer] - La clase "com.codecooks.domain.Recipe" no tiene el metodo "dnReplaceFields" pero lo necesita
10:33:29,906 (main) DEBUG [DataNucleus.Enhancer] - La clase "com.codecooks.domain.Recipe" no tiene el metodo "__dnFieldNamesInit" pero lo necesita
10:33:29,907 (main) DEBUG [DataNucleus.Enhancer] - Agregando el interfaz: org.datanucleus.enhancement.Persistable
10:33:29,907 (main) DEBUG [DataNucleus.Enhancer] - Enhancing metodo original com.codecooks.domain.Recipe.<init> : ignorando enhance de set del campo "com.codecooks.domain.Recipe.title"
10:33:29,907 (main) DEBUG [DataNucleus.Enhancer] - Enhancing metodo original com.codecooks.domain.Recipe.<init> : ignorando enhance de set del campo "com.codecooks.domain.Recipe.content"
10:33:29,907 (main) DEBUG [DataNucleus.Enhancer] - Enhancing metodo original com.codecooks.domain.Recipe.<init> : ignorando enhance de set del campo "com.codecooks.domain.Recipe.date"
10:33:29,907 (main) DEBUG [DataNucleus.Enhancer] - Enhancing metodo original com.codecooks.domain.Recipe.getTitle, cambiando el uso del campo "com.codecooks.domain.Recipe.title" para utilisar "dnGettitle()"
10:33:29,907 (main) DEBUG [DataNucleus.Enhancer] - Enhancing metodo original com.codecooks.domain.Recipe.setTitle, cambiando el uso del campo "com.codecooks.domain.Recipe.title" para utilisar "dnSettitle()"
10:33:29,907 (main) DEBUG [DataNucleus.Enhancer] - Enhancing metodo original com.codecooks.domain.Recipe.getContent, cambiando el uso del campo "com.codecooks.domain.Recipe.content" para utilisar "dnGetcontent()"
10:33:29,907 (main) DEBUG [DataNucleus.Enhancer] - Enhancing metodo original com.codecooks.domain.Recipe.setContent, cambiando el uso del campo "com.codecooks.domain.Recipe.content" para utilisar "dnSetcontent()"
10:33:29,907 (main) DEBUG [DataNucleus.Enhancer] - Enhancing metodo original com.codecooks.domain.Recipe.getDate, cambiando el uso del campo "com.codecooks.domain.Recipe.date" para utilisar "dnGetdate()"
10:33:29,907 (main) DEBUG [DataNucleus.Enhancer] - Agregando el campo "org.datanucleus.enhancement.StateManager dnStateManager"
10:33:29,907 (main) DEBUG [DataNucleus.Enhancer] - Agregando el campo "byte dnFlags"
10:33:29,907 (main) DEBUG [DataNucleus.Enhancer] - Agregando el campo "[Ljava.lang.String; dnFieldNames"
10:33:29,907 (main) DEBUG [DataNucleus.Enhancer] - Agregando el campo "int dnInheritedFieldCount"
10:33:29,908 (main) DEBUG [DataNucleus.Enhancer] - Agregando el metodo "void <clinit>()"
10:33:29,908 (main) DEBUG [DataNucleus.Enhancer] - Agregando el constructor "com.codecooks.domain.Recipe()"
10:33:29,908 (main) DEBUG [DataNucleus.Enhancer] - Agregando el metodo "void dnCopyKeyFieldsFromObjectId(org.datanucleus.enhancement.Persistable$ObjectIdFieldConsumer fc, java.lang.Object oid)"
10:33:29,908 (main) DEBUG [DataNucleus.Enhancer] - Agregando el metodo "void dnCopyKeyFieldsFromObjectId(java.lang.Object oid)"
10:33:29,908 (main) DEBUG [DataNucleus.Enhancer] - Agregando el metodo "void dnCopyKeyFieldsToObjectId(java.lang.Object oid)"
10:33:29,908 (main) DEBUG [DataNucleus.Enhancer] - Agregando el metodo "void dnCopyKeyFieldsToObjectId(org.datanucleus.enhancement.Persistable$ObjectIdFieldSupplier fs, java.lang.Object oid)"
10:33:29,908 (main) DEBUG [DataNucleus.Enhancer] - Agregando el metodo "java.lang.Object dnGetObjectId()"
10:33:29,908 (main) DEBUG [DataNucleus.Enhancer] - Agregando el metodo "java.lang.Object dnGetVersion()"
10:33:29,908 (main) DEBUG [DataNucleus.Enhancer] - Agregando el metodo "void dnPreSerialize()"
10:33:29,908 (main) DEBUG [DataNucleus.Enhancer] - Agregando el metodo "org.datanucleus.enhancement.ExecutionContextReference dnGetExecutionContext()"
10:33:29,908 (main) DEBUG [DataNucleus.Enhancer] - Agregando el metodo "org.datanucleus.enhancement.StateManager dnGetStateManager()"
10:33:29,908 (main) DEBUG [DataNucleus.Enhancer] - Agregando el metodo "java.lang.Object dnGetTransactionalObjectId()"
10:33:29,908 (main) DEBUG [DataNucleus.Enhancer] - Agregando el metodo "boolean dnIsDeleted()"
10:33:29,908 (main) DEBUG [DataNucleus.Enhancer] - Agregando el metodo "boolean dnIsDirty()"
10:33:29,908 (main) DEBUG [DataNucleus.Enhancer] - Agregando el metodo "boolean dnIsNew()"
10:33:29,908 (main) DEBUG [DataNucleus.Enhancer] - Agregando el metodo "boolean dnIsPersistent()"
10:33:29,909 (main) DEBUG [DataNucleus.Enhancer] - Agregando el metodo "boolean dnIsTransactional()"
10:33:29,909 (main) DEBUG [DataNucleus.Enhancer] - Agregando el metodo "void dnMakeDirty(java.lang.String fieldName)"
10:33:29,909 (main) DEBUG [DataNucleus.Enhancer] - Agregando el metodo "java.lang.Object dnNewObjectIdInstance()"
10:33:29,909 (main) DEBUG [DataNucleus.Enhancer] - Agregando el metodo "java.lang.Object dnNewObjectIdInstance(java.lang.Object key)"
10:33:29,909 (main) DEBUG [DataNucleus.Enhancer] - Agregando el metodo "void dnProvideFields([I indices)"
10:33:29,909 (main) DEBUG [DataNucleus.Enhancer] - Agregando el metodo "void dnReplaceFields([I indices)"
10:33:29,909 (main) DEBUG [DataNucleus.Enhancer] - Agregando el metodo "void dnReplaceFlags()"
10:33:29,909 (main) DEBUG [DataNucleus.Enhancer] - Agregando el metodo "void dnReplaceStateManager(org.datanucleus.enhancement.StateManager sm)"
10:33:29,909 (main) DEBUG [DataNucleus.Enhancer] - Agregando el metodo "boolean dnIsDetached()"
10:33:29,909 (main) DEBUG [DataNucleus.Enhancer] - Agregando el metodo "org.datanucleus.enhancement.Persistable dnNewInstance(org.datanucleus.enhancement.StateManager sm)"
10:33:29,909 (main) DEBUG [DataNucleus.Enhancer] - Agregando el metodo "org.datanucleus.enhancement.Persistable dnNewInstance(org.datanucleus.enhancement.StateManager sm, java.lang.Object obj)"
10:33:29,909 (main) DEBUG [DataNucleus.Enhancer] - Agregando el metodo "void dnReplaceField(int index)"
10:33:29,910 (main) DEBUG [DataNucleus.Enhancer] - Agregando el metodo "void dnProvideField(int index)"
10:33:29,910 (main) DEBUG [DataNucleus.Enhancer] - Agregando el metodo "void dnCopyField(com.codecooks.domain.Recipe obj, int index)"
10:33:29,910 (main) DEBUG [DataNucleus.Enhancer] - Agregando el metodo "void dnCopyFields(java.lang.Object obj, [I indices)"
10:33:29,910 (main) DEBUG [DataNucleus.Enhancer] - Agregando el metodo "[Ljava.lang.String; __dnFieldNamesInit()"
10:33:29,910 (main) DEBUG [DataNucleus.Enhancer] - Agregando el metodo "int __dnGetInheritedFieldCount()"
10:33:29,910 (main) DEBUG [DataNucleus.Enhancer] - Agregando el metodo "int dnGetManagedFieldCount()"
10:33:29,910 (main) DEBUG [DataNucleus.Enhancer] - Agregando el metodo "java.lang.Class ___dn$loadClass(java.lang.String className)"
10:33:29,910 (main) DEBUG [DataNucleus.Enhancer] - Agregando el metodo "java.lang.String dnGetcontent(com.codecooks.domain.Recipe objPC)"
10:33:29,910 (main) DEBUG [DataNucleus.Enhancer] - Agregando el metodo "void dnSetcontent(com.codecooks.domain.Recipe objPC, java.lang.String val)"
10:33:29,910 (main) DEBUG [DataNucleus.Enhancer] - Agregando el metodo "java.time.LocalDate dnGetdate(com.codecooks.domain.Recipe objPC)"
10:33:29,910 (main) DEBUG [DataNucleus.Enhancer] - Agregando el metodo "void dnSetdate(com.codecooks.domain.Recipe objPC, java.time.LocalDate val)"
10:33:29,910 (main) DEBUG [DataNucleus.Enhancer] - Agregando el metodo "java.lang.String dnGettitle(com.codecooks.domain.Recipe objPC)"
10:33:29,911 (main) DEBUG [DataNucleus.Enhancer] - Agregando el metodo "void dnSettitle(com.codecooks.domain.Recipe objPC, java.lang.String val)"
10:33:29,911 (main) INFO  [DataNucleus.Enhancer] - Escribiendo el archivo de clase "C:\Users\Asus\IdeaProjects\BSPQ22-E5\back-end\target\classes\com\codecooks\domain\Recipe.class" con definicion enhanced
10:33:29,911 (main) DEBUG [DataNucleus.Enhancer] - Enhance de la clase "com.codecooks.domain.Recipe" ha terminado
10:33:29,911 (main) INFO  [DataNucleus.Enhancer] - DataNucleus Enhancer ha terminado con exito para 2 clases.
